c:\users\windows32\desktop\周哥mfc\zgjit_ui\19-ui\demo\myfirstmfc\mfc_04_模态与非模态对话框\mfc_04_dig\debug\mfc_04_dig.pch
c:\users\windows32\desktop\周哥mfc\zgjit_ui\19-ui\demo\myfirstmfc\mfc_04_模态与非模态对话框\mfc_04_dig\debug\vc141.pdb
c:\users\windows32\desktop\周哥mfc\zgjit_ui\19-ui\demo\myfirstmfc\mfc_04_模态与非模态对话框\mfc_04_dig\debug\vc141.idb
c:\users\windows32\desktop\周哥mfc\zgjit_ui\19-ui\demo\myfirstmfc\mfc_04_模态与非模态对话框\mfc_04_dig\debug\stdafx.obj
c:\users\windows32\desktop\周哥mfc\zgjit_ui\19-ui\demo\myfirstmfc\mfc_04_模态与非模态对话框\mfc_04_dig\debug\mfc_04_digdlg.obj
c:\users\windows32\desktop\周哥mfc\zgjit_ui\19-ui\demo\myfirstmfc\mfc_04_模态与非模态对话框\mfc_04_dig\debug\mfc_04_dig.obj
c:\users\windows32\desktop\周哥mfc\zgjit_ui\19-ui\demo\myfirstmfc\mfc_04_模态与非模态对话框\mfc_04_dig\debug\cshowmsgdlg.obj
c:\users\windows32\desktop\周哥mfc\zgjit_ui\19-ui\demo\myfirstmfc\mfc_04_模态与非模态对话框\mfc_04_dig\debug\clogin.obj
c:\users\windows32\desktop\周哥mfc\zgjit_ui\19-ui\demo\myfirstmfc\myfirstmfc\debug\mfc_04_dig.exe
c:\users\windows32\desktop\周哥mfc\zgjit_ui\19-ui\demo\myfirstmfc\myfirstmfc\debug\mfc_04_dig.ilk
c:\users\windows32\desktop\周哥mfc\zgjit_ui\19-ui\demo\myfirstmfc\myfirstmfc\debug\mfc_04_dig.pdb
c:\users\windows32\desktop\周哥mfc\zgjit_ui\19-ui\demo\myfirstmfc\mfc_04_模态与非模态对话框\mfc_04_dig\debug\mfc04dig.res
c:\users\windows32\desktop\周哥mfc\zgjit_ui\19-ui\demo\myfirstmfc\mfc_04_模态与非模态对话框\mfc_04_dig\debug\mfc_04_dig.tlog\cl.command.1.tlog
c:\users\windows32\desktop\周哥mfc\zgjit_ui\19-ui\demo\myfirstmfc\mfc_04_模态与非模态对话框\mfc_04_dig\debug\mfc_04_dig.tlog\cl.read.1.tlog
c:\users\windows32\desktop\周哥mfc\zgjit_ui\19-ui\demo\myfirstmfc\mfc_04_模态与非模态对话框\mfc_04_dig\debug\mfc_04_dig.tlog\cl.write.1.tlog
c:\users\windows32\desktop\周哥mfc\zgjit_ui\19-ui\demo\myfirstmfc\mfc_04_模态与非模态对话框\mfc_04_dig\debug\mfc_04_dig.tlog\link.command.1.tlog
c:\users\windows32\desktop\周哥mfc\zgjit_ui\19-ui\demo\myfirstmfc\mfc_04_模态与非模态对话框\mfc_04_dig\debug\mfc_04_dig.tlog\link.read.1.tlog
c:\users\windows32\desktop\周哥mfc\zgjit_ui\19-ui\demo\myfirstmfc\mfc_04_模态与非模态对话框\mfc_04_dig\debug\mfc_04_dig.tlog\link.write.1.tlog
c:\users\windows32\desktop\周哥mfc\zgjit_ui\19-ui\demo\myfirstmfc\mfc_04_模态与非模态对话框\mfc_04_dig\debug\mfc_04_dig.tlog\rc.command.1.tlog
c:\users\windows32\desktop\周哥mfc\zgjit_ui\19-ui\demo\myfirstmfc\mfc_04_模态与非模态对话框\mfc_04_dig\debug\mfc_04_dig.tlog\rc.read.1.tlog
c:\users\windows32\desktop\周哥mfc\zgjit_ui\19-ui\demo\myfirstmfc\mfc_04_模态与非模态对话框\mfc_04_dig\debug\mfc_04_dig.tlog\rc.write.1.tlog
