g:\资料存档\00coderecord\22开源项目修改\mimikatz\mimilib\x64\vc140.pdb
g:\资料存档\00coderecord\22开源项目修改\mimikatz\mimilib\x64\utils.obj
g:\资料存档\00coderecord\22开源项目修改\mimikatz\mimilib\x64\kwindbg.obj
g:\资料存档\00coderecord\22开源项目修改\mimikatz\mimilib\x64\kull_m_rpc_ms-credentialkeys.obj
g:\资料存档\00coderecord\22开源项目修改\mimikatz\mimilib\x64\kull_m_rpc.obj
g:\资料存档\00coderecord\22开源项目修改\mimikatz\mimilib\x64\kuhl_m_sekurlsa_utils.obj
g:\资料存档\00coderecord\22开源项目修改\mimikatz\mimilib\x64\kuhl_m_sekurlsa_packages.obj
g:\资料存档\00coderecord\22开源项目修改\mimikatz\mimilib\x64\kuhl_m_sekurlsa_nt6.obj
g:\资料存档\00coderecord\22开源项目修改\mimikatz\mimilib\x64\kssp.obj
g:\资料存档\00coderecord\22开源项目修改\mimikatz\mimilib\x64\kfilt.obj
g:\资料存档\00coderecord\22开源项目修改\mimikatz\mimilib\x64\kdns.obj
g:\资料存档\00coderecord\22开源项目修改\mimikatz\mimilib\x64\kdhcp.obj
g:\资料存档\00coderecord\22开源项目修改\mimikatz\mimilib\x64\kappfree.obj
g:\资料存档\00coderecord\22开源项目修改\mimikatz\x64\mimilib.dll
g:\资料存档\00coderecord\22开源项目修改\mimikatz\x64\mimilib.lib
g:\资料存档\00coderecord\22开源项目修改\mimikatz\x64\mimilib.exp
g:\资料存档\00coderecord\22开源项目修改\mimikatz\mimilib\x64\mimilib.res
g:\资料存档\00coderecord\22开源项目修改\mimikatz\mimilib\x64\mimilib.tlog\cl.command.1.tlog
g:\资料存档\00coderecord\22开源项目修改\mimikatz\mimilib\x64\mimilib.tlog\cl.read.1.tlog
g:\资料存档\00coderecord\22开源项目修改\mimikatz\mimilib\x64\mimilib.tlog\cl.write.1.tlog
g:\资料存档\00coderecord\22开源项目修改\mimikatz\mimilib\x64\mimilib.tlog\link.command.1.tlog
g:\资料存档\00coderecord\22开源项目修改\mimikatz\mimilib\x64\mimilib.tlog\link.read.1.tlog
g:\资料存档\00coderecord\22开源项目修改\mimikatz\mimilib\x64\mimilib.tlog\link.write.1.tlog
g:\资料存档\00coderecord\22开源项目修改\mimikatz\mimilib\x64\mimilib.tlog\mimilib.write.1u.tlog
g:\资料存档\00coderecord\22开源项目修改\mimikatz\mimilib\x64\mimilib.tlog\rc.command.1.tlog
g:\资料存档\00coderecord\22开源项目修改\mimikatz\mimilib\x64\mimilib.tlog\rc.read.1.tlog
g:\资料存档\00coderecord\22开源项目修改\mimikatz\mimilib\x64\mimilib.tlog\rc.write.1.tlog
