2018-04-11 10:20:56.732+0000 WARN [o.n.i.p.PageCache] The dbms.memory.pagecache.size setting has not been configured. It is recommended that this setting is always explicitly configured, to ensure the system has a balanced configuration. Until then, a computed heuristic value of 3297902592 bytes will be used instead. 
2018-04-11 10:20:56.739+0000 INFO [o.n.k.i.f.CommunityEditionModule] No locking implementation specified, defaulting to 'community'
2018-04-11 10:20:56.763+0000 INFO [o.n.k.AvailabilityGuard] Requirement makes database unavailable: Database available
2018-04-11 10:20:56.765+0000 INFO [o.n.k.i.DiagnosticsManager] --- INITIALIZED diagnostics START ---
2018-04-11 10:20:56.765+0000 INFO [o.n.k.i.DiagnosticsManager] Neo4j Kernel properties:
2018-04-11 10:20:56.765+0000 INFO [o.n.k.i.DiagnosticsManager] dbms.connector.http.enabled=true
2018-04-11 10:20:56.765+0000 INFO [o.n.k.i.DiagnosticsManager] unsupported.dbms.edition=community
2018-04-11 10:20:56.765+0000 INFO [o.n.k.i.DiagnosticsManager] dbms.security.auth_enabled=true
2018-04-11 10:20:56.765+0000 INFO [o.n.k.i.DiagnosticsManager] dbms.connector.bolt.enabled=true
2018-04-11 10:20:56.765+0000 INFO [o.n.k.i.DiagnosticsManager] unsupported.dbms.directories.neo4j_home=C:\ProjectCode\PyScript\LogonTracer-master\neo4jLogonTracer
2018-04-11 10:20:56.765+0000 INFO [o.n.k.i.DiagnosticsManager] dbms.logs.http.enabled=false
2018-04-11 10:20:56.766+0000 INFO [o.n.k.i.DiagnosticsManager] dbms.connector.https.enabled=true
2018-04-11 10:20:56.766+0000 INFO [o.n.k.i.DiagnosticsManager] dbms.directories.import=import
2018-04-11 10:20:56.766+0000 INFO [o.n.k.i.DiagnosticsManager] unsupported.dbms.directories.database=C:\ProjectCode\PyScript\LogonTracer-master\neo4jLogonTracer
2018-04-11 10:20:56.766+0000 INFO [o.n.k.i.DiagnosticsManager] Diagnostics providers:
2018-04-11 10:20:56.766+0000 INFO [o.n.k.i.DiagnosticsManager] org.neo4j.kernel.configuration.Config
2018-04-11 10:20:56.766+0000 INFO [o.n.k.i.DiagnosticsManager] org.neo4j.kernel.info.DiagnosticsManager
2018-04-11 10:20:56.766+0000 INFO [o.n.k.i.DiagnosticsManager] SYSTEM_MEMORY
2018-04-11 10:20:56.766+0000 INFO [o.n.k.i.DiagnosticsManager] JAVA_MEMORY
2018-04-11 10:20:56.766+0000 INFO [o.n.k.i.DiagnosticsManager] OPERATING_SYSTEM
2018-04-11 10:20:56.766+0000 INFO [o.n.k.i.DiagnosticsManager] JAVA_VIRTUAL_MACHINE
2018-04-11 10:20:56.766+0000 INFO [o.n.k.i.DiagnosticsManager] CLASSPATH
2018-04-11 10:20:56.766+0000 INFO [o.n.k.i.DiagnosticsManager] LIBRARY_PATH
2018-04-11 10:20:56.766+0000 INFO [o.n.k.i.DiagnosticsManager] SYSTEM_PROPERTIES
2018-04-11 10:20:56.766+0000 INFO [o.n.k.i.DiagnosticsManager] NETWORK
2018-04-11 10:20:56.766+0000 INFO [o.n.k.i.DiagnosticsManager] System memory information:
2018-04-11 10:20:56.766+0000 INFO [o.n.k.i.DiagnosticsManager] Total Physical memory: 7.90 GB
2018-04-11 10:20:56.766+0000 INFO [o.n.k.i.DiagnosticsManager] Free Physical memory: 1.23 GB
2018-04-11 10:20:56.766+0000 INFO [o.n.k.i.DiagnosticsManager] Committed virtual memory: 508.48 MB
2018-04-11 10:20:56.766+0000 INFO [o.n.k.i.DiagnosticsManager] Total swap space: 14.15 GB
2018-04-11 10:20:56.767+0000 INFO [o.n.k.i.DiagnosticsManager] Free swap space: 3.04 GB
2018-04-11 10:20:56.767+0000 INFO [o.n.k.i.DiagnosticsManager] JVM memory information:
2018-04-11 10:20:56.767+0000 INFO [o.n.k.i.DiagnosticsManager] Free  memory: 104.19 MB
2018-04-11 10:20:56.767+0000 INFO [o.n.k.i.DiagnosticsManager] Total memory: 215.00 MB
2018-04-11 10:20:56.767+0000 INFO [o.n.k.i.DiagnosticsManager] Max   memory: 1.76 GB
2018-04-11 10:20:56.767+0000 INFO [o.n.k.i.DiagnosticsManager] Garbage Collector: PS Scavenge: [PS Eden Space, PS Survivor Space]
2018-04-11 10:20:56.767+0000 INFO [o.n.k.i.DiagnosticsManager] Garbage Collector: PS MarkSweep: [PS Eden Space, PS Survivor Space, PS Old Gen]
2018-04-11 10:20:56.767+0000 INFO [o.n.k.i.DiagnosticsManager] Memory Pool: Code Cache (Non-heap memory): committed=14.81 MB, used=14.71 MB, max=240.00 MB, threshold=0.00 B
2018-04-11 10:20:56.767+0000 INFO [o.n.k.i.DiagnosticsManager] Memory Pool: Metaspace (Non-heap memory): committed=63.50 MB, used=61.97 MB, max=-1.00 B, threshold=0.00 B
2018-04-11 10:20:56.767+0000 INFO [o.n.k.i.DiagnosticsManager] Memory Pool: Compressed Class Space (Non-heap memory): committed=10.25 MB, used=9.96 MB, max=1.00 GB, threshold=0.00 B
2018-04-11 10:20:56.768+0000 INFO [o.n.k.i.DiagnosticsManager] Memory Pool: PS Eden Space (Heap memory): committed=91.50 MB, used=78.17 MB, max=634.50 MB, threshold=?
2018-04-11 10:20:56.768+0000 INFO [o.n.k.i.DiagnosticsManager] Memory Pool: PS Survivor Space (Heap memory): committed=19.50 MB, used=1.30 MB, max=19.50 MB, threshold=?
2018-04-11 10:20:56.768+0000 INFO [o.n.k.i.DiagnosticsManager] Memory Pool: PS Old Gen (Heap memory): committed=104.00 MB, used=31.35 MB, max=1.32 GB, threshold=0.00 B
2018-04-11 10:20:56.768+0000 INFO [o.n.k.i.DiagnosticsManager] Operating system information:
2018-04-11 10:20:56.768+0000 INFO [o.n.k.i.DiagnosticsManager] Operating System: Windows 10; version: 10.0; arch: amd64; cpus: 4
2018-04-11 10:20:56.770+0000 INFO [o.n.k.i.DiagnosticsManager] Process id: 7864@DESKTOP-BKPJN9B
2018-04-11 10:20:56.770+0000 INFO [o.n.k.i.DiagnosticsManager] Byte order: LITTLE_ENDIAN
2018-04-11 10:20:56.770+0000 INFO [o.n.k.i.DiagnosticsManager] Local timezone: Asia/Shanghai
2018-04-11 10:20:56.770+0000 INFO [o.n.k.i.DiagnosticsManager] JVM information:
2018-04-11 10:20:56.770+0000 INFO [o.n.k.i.DiagnosticsManager] VM Name: Java HotSpot(TM) 64-Bit Server VM
2018-04-11 10:20:56.770+0000 INFO [o.n.k.i.DiagnosticsManager] VM Vendor: Oracle Corporation
2018-04-11 10:20:56.770+0000 INFO [o.n.k.i.DiagnosticsManager] VM Version: 25.131-b11
2018-04-11 10:20:56.770+0000 INFO [o.n.k.i.DiagnosticsManager] JIT compiler: HotSpot 64-Bit Tiered Compilers
2018-04-11 10:20:56.770+0000 INFO [o.n.k.i.DiagnosticsManager] VM Arguments: [-Dexe4j.semaphoreName=Local\c:_program_files_neo4j_ce_3.3.1_bin_neo4j-ce.exe, -Dexe4j.isInstall4j=true, -Dexe4j.moduleName=C:\Program Files\Neo4j CE 3.3.1\bin\neo4j-ce.exe, -Dexe4j.tempDir=, -Dexe4j.unextractedPosition=0, -Djava.library.path=C:\Users\AT\AppData\Local\Temp\e4j9402.tmp_dir1523441637\user;C:\Program Files\Firefox Developer Edition;C:\ProgramData\Oracle\Java\javapath;C:\Program Files (x86)\Intel\iCLS Client\;C:\Program Files\Intel\iCLS Client\;C:\windows\system32;C:\windows;C:\windows\System32\Wbem;C:\windows\System32\WindowsPowerShell\v1.0\;C:\Program Files (x86)\NVIDIA Corporation\PhysX\Common;C:\Program Files (x86)\Intel\Intel(R) Management Engine Components\DAL;C:\Program Files\Intel\Intel(R) Management Engine Components\DAL;C:\Program Files (x86)\Intel\Intel(R) Management Engine Components\IPT;C:\Program Files\Intel\Intel(R) Management Engine Components\IPT;C:\Python27\;C:\Program Files\Git\cmd;C:\Pentest\sqlmap-dev\;C:\Program Files (x86)\Windows Kits\8.1\Windows Performance Toolkit\;C:\Program Files\TortoiseSVN\bin;C:\Program Files (x86)\VisualSVN\bin;C:\WINDOWS\system32;C:\WINDOWS;C:\WINDOWS\System32\Wbem;C:\WINDOWS\System32\WindowsPowerShell\v1.0\;C:\Program Files\Wireshark\;C:\Program Files\Intel\WiFi\bin\;C:\Program Files\Common Files\Intel\WirelessCommon\;C:\Program Files (x86)\Windows Kits\10\Windows Performance Toolkit\;C:\Program Files (x86)\Lua\5.1;C:\Program Files (x86)\Lua\5.1\clibs;C:\Program Files (x86)\Nmap;C:\Users\AT\AppData\Local\Microsoft\WindowsApps;C:\Users\AT\AppData\Local\GitHubDesktop\bin;c:\program files\java\jre1.8.0_131\bin;c:\program files\java\jre1.8.0_131\bin, -Dexe4j.consoleCodepage=cp0, -Dinstall4j.launcherId=24, -Dinstall4j.swt=false]
2018-04-11 10:20:56.770+0000 INFO [o.n.k.i.DiagnosticsManager] Java classpath:
2018-04-11 10:20:56.781+0000 INFO [o.n.k.i.DiagnosticsManager]  [bootstrap] C:\Program Files\Java\jre1.8.0_131\lib\jce.jar
2018-04-11 10:20:56.781+0000 INFO [o.n.k.i.DiagnosticsManager]  [loader.1] file:/C:/Program%20Files/Java/jre1.8.0_131/lib/ext/sunjce_provider.jar
2018-04-11 10:20:56.781+0000 INFO [o.n.k.i.DiagnosticsManager]  [bootstrap] C:\Program Files\Java\jre1.8.0_131\lib\charsets.jar
2018-04-11 10:20:56.781+0000 INFO [o.n.k.i.DiagnosticsManager]  [bootstrap] C:\Program Files\Java\jre1.8.0_131\lib\jsse.jar
2018-04-11 10:20:56.781+0000 INFO [o.n.k.i.DiagnosticsManager]  [bootstrap] C:\Program Files\Java\jre1.8.0_131\classes
2018-04-11 10:20:56.781+0000 INFO [o.n.k.i.DiagnosticsManager]  [loader.1] file:/C:/Program%20Files/Java/jre1.8.0_131/lib/ext/jaccess.jar
2018-04-11 10:20:56.781+0000 INFO [o.n.k.i.DiagnosticsManager]  [bootstrap] C:\Program Files\Java\jre1.8.0_131\lib\resources.jar
2018-04-11 10:20:56.781+0000 INFO [o.n.k.i.DiagnosticsManager]  [loader.1] file:/C:/Program%20Files/Java/jre1.8.0_131/lib/ext/access-bridge-64.jar
2018-04-11 10:20:56.781+0000 INFO [o.n.k.i.DiagnosticsManager]  [loader.1] file:/C:/Program%20Files/Java/jre1.8.0_131/lib/ext/sunmscapi.jar
2018-04-11 10:20:56.781+0000 INFO [o.n.k.i.DiagnosticsManager]  [loader.1] file:/C:/Program%20Files/Java/jre1.8.0_131/lib/ext/sunpkcs11.jar
2018-04-11 10:20:56.781+0000 INFO [o.n.k.i.DiagnosticsManager]  [loader.1] file:/C:/Program%20Files/Java/jre1.8.0_131/lib/ext/localedata.jar
2018-04-11 10:20:56.781+0000 INFO [o.n.k.i.DiagnosticsManager]  [classpath] C:\Program Files\Neo4j CE 3.3.1\.install4j\i4jruntime.jar
2018-04-11 10:20:56.781+0000 INFO [o.n.k.i.DiagnosticsManager]  [loader.0] file:/C:/Program%20Files/Neo4j%20CE%203.3.1/.install4j/i4jruntime.jar
2018-04-11 10:20:56.781+0000 INFO [o.n.k.i.DiagnosticsManager]  [loader.1] file:/C:/Program%20Files/Java/jre1.8.0_131/lib/ext/cldrdata.jar
2018-04-11 10:20:56.781+0000 INFO [o.n.k.i.DiagnosticsManager]  [bootstrap] C:\Program Files\Java\jre1.8.0_131\lib\sunrsasign.jar
2018-04-11 10:20:56.781+0000 INFO [o.n.k.i.DiagnosticsManager]  [bootstrap] C:\Program Files\Java\jre1.8.0_131\lib\jfr.jar
2018-04-11 10:20:56.781+0000 INFO [o.n.k.i.DiagnosticsManager]  [loader.1] file:/C:/Program%20Files/Java/jre1.8.0_131/lib/ext/sunec.jar
2018-04-11 10:20:56.781+0000 INFO [o.n.k.i.DiagnosticsManager]  [bootstrap] C:\Program Files\Java\jre1.8.0_131\lib\rt.jar
2018-04-11 10:20:56.781+0000 INFO [o.n.k.i.DiagnosticsManager]  [loader.1] file:/C:/Program%20Files/Java/jre1.8.0_131/lib/ext/nashorn.jar
2018-04-11 10:20:56.781+0000 INFO [o.n.k.i.DiagnosticsManager]  [classpath] C:\Program Files\Neo4j CE 3.3.1\bin\neo4j-desktop-3.3.1.jar
2018-04-11 10:20:56.781+0000 INFO [o.n.k.i.DiagnosticsManager]  [loader.1] file:/C:/Program%20Files/Java/jre1.8.0_131/lib/ext/jfxrt.jar
2018-04-11 10:20:56.781+0000 INFO [o.n.k.i.DiagnosticsManager]  [loader.1] file:/C:/Program%20Files/Java/jre1.8.0_131/lib/ext/zipfs.jar
2018-04-11 10:20:56.781+0000 INFO [o.n.k.i.DiagnosticsManager]  [loader.0] file:/C:/Program%20Files/Neo4j%20CE%203.3.1/bin/neo4j-desktop-3.3.1.jar
2018-04-11 10:20:56.781+0000 INFO [o.n.k.i.DiagnosticsManager]  [loader.1] file:/C:/Program%20Files/Java/jre1.8.0_131/lib/ext/dnsns.jar
2018-04-11 10:20:56.781+0000 INFO [o.n.k.i.DiagnosticsManager] Library path:
2018-04-11 10:20:56.783+0000 INFO [o.n.k.i.DiagnosticsManager] C:\Users\AT\AppData\Local\Temp\e4j9402.tmp_dir1523441637\user
2018-04-11 10:20:56.784+0000 INFO [o.n.k.i.DiagnosticsManager] C:\Program Files\Firefox Developer Edition
2018-04-11 10:20:56.785+0000 INFO [o.n.k.i.DiagnosticsManager] C:\ProgramData\Oracle\Java\javapath
2018-04-11 10:20:56.786+0000 INFO [o.n.k.i.DiagnosticsManager] C:\Program Files (x86)\Intel\iCLS Client
2018-04-11 10:20:56.787+0000 INFO [o.n.k.i.DiagnosticsManager] C:\Program Files\Intel\iCLS Client
2018-04-11 10:20:56.787+0000 INFO [o.n.k.i.DiagnosticsManager] C:\Windows\System32
2018-04-11 10:20:56.788+0000 INFO [o.n.k.i.DiagnosticsManager] C:\Windows
2018-04-11 10:20:56.789+0000 INFO [o.n.k.i.DiagnosticsManager] C:\Windows\System32\wbem
2018-04-11 10:20:56.791+0000 INFO [o.n.k.i.DiagnosticsManager] C:\Windows\System32\WindowsPowerShell\v1.0
2018-04-11 10:20:56.793+0000 INFO [o.n.k.i.DiagnosticsManager] C:\Program Files (x86)\NVIDIA Corporation\PhysX\Common
2018-04-11 10:20:56.794+0000 INFO [o.n.k.i.DiagnosticsManager] C:\Program Files (x86)\Intel\Intel(R) Management Engine Components\DAL
2018-04-11 10:20:56.795+0000 INFO [o.n.k.i.DiagnosticsManager] C:\Program Files\Intel\Intel(R) Management Engine Components\DAL
2018-04-11 10:20:56.796+0000 INFO [o.n.k.i.DiagnosticsManager] C:\Program Files (x86)\Intel\Intel(R) Management Engine Components\IPT
2018-04-11 10:20:56.797+0000 INFO [o.n.k.i.DiagnosticsManager] C:\Program Files\Intel\Intel(R) Management Engine Components\IPT
2018-04-11 10:20:56.798+0000 INFO [o.n.k.i.DiagnosticsManager] C:\Python27
2018-04-11 10:20:56.799+0000 INFO [o.n.k.i.DiagnosticsManager] C:\Program Files\Git\cmd
2018-04-11 10:20:56.799+0000 INFO [o.n.k.i.DiagnosticsManager] C:\Pentest\sqlmap-dev
2018-04-11 10:20:56.800+0000 INFO [o.n.k.i.DiagnosticsManager] C:\Program Files (x86)\Windows Kits\8.1\Windows Performance Toolkit
2018-04-11 10:20:56.801+0000 INFO [o.n.k.i.DiagnosticsManager] C:\Program Files\TortoiseSVN\bin
2018-04-11 10:20:56.801+0000 INFO [o.n.k.i.DiagnosticsManager] C:\Program Files (x86)\VisualSVN\bin
2018-04-11 10:20:56.802+0000 INFO [o.n.k.i.DiagnosticsManager] C:\Windows\System32
2018-04-11 10:20:56.803+0000 INFO [o.n.k.i.DiagnosticsManager] C:\Windows
2018-04-11 10:20:56.803+0000 INFO [o.n.k.i.DiagnosticsManager] C:\Windows\System32\wbem
2018-04-11 10:20:56.804+0000 INFO [o.n.k.i.DiagnosticsManager] C:\Windows\System32\WindowsPowerShell\v1.0
2018-04-11 10:20:56.805+0000 INFO [o.n.k.i.DiagnosticsManager] C:\Program Files\Wireshark
2018-04-11 10:20:56.806+0000 INFO [o.n.k.i.DiagnosticsManager] C:\Program Files\Intel\WiFi\bin
2018-04-11 10:20:56.807+0000 INFO [o.n.k.i.DiagnosticsManager] C:\Program Files\Common Files\Intel\WirelessCommon
2018-04-11 10:20:56.807+0000 INFO [o.n.k.i.DiagnosticsManager] C:\Program Files (x86)\Windows Kits\10\Windows Performance Toolkit
2018-04-11 10:20:56.808+0000 INFO [o.n.k.i.DiagnosticsManager] C:\Program Files (x86)\Lua\5.1
2018-04-11 10:20:56.809+0000 INFO [o.n.k.i.DiagnosticsManager] C:\Program Files (x86)\Lua\5.1\clibs
2018-04-11 10:20:56.810+0000 INFO [o.n.k.i.DiagnosticsManager] C:\Program Files (x86)\Nmap
2018-04-11 10:20:56.811+0000 INFO [o.n.k.i.DiagnosticsManager] C:\Users\AT\AppData\Local\Microsoft\WindowsApps
2018-04-11 10:20:56.812+0000 INFO [o.n.k.i.DiagnosticsManager] C:\Users\AT\AppData\Local\GitHubDesktop\bin
2018-04-11 10:20:56.813+0000 INFO [o.n.k.i.DiagnosticsManager] C:\Program Files\Java\jre1.8.0_131\bin
2018-04-11 10:20:56.813+0000 INFO [o.n.k.i.DiagnosticsManager] C:\Program Files\Java\jre1.8.0_131\bin
2018-04-11 10:20:56.813+0000 INFO [o.n.k.i.DiagnosticsManager] System.properties:
2018-04-11 10:20:56.813+0000 INFO [o.n.k.i.DiagnosticsManager] exe4j.moduleName = C:\Program Files\Neo4j CE 3.3.1\bin\neo4j-ce.exe
2018-04-11 10:20:56.813+0000 INFO [o.n.k.i.DiagnosticsManager] exe4j.semaphoreName = Local\c:_program_files_neo4j_ce_3.3.1_bin_neo4j-ce.exe
2018-04-11 10:20:56.813+0000 INFO [o.n.k.i.DiagnosticsManager] sun.boot.library.path = c:\program files\java\jre1.8.0_131\bin
2018-04-11 10:20:56.813+0000 INFO [o.n.k.i.DiagnosticsManager] exe4j.consoleCodepage = cp0
2018-04-11 10:20:56.813+0000 INFO [o.n.k.i.DiagnosticsManager] path.separator = ;
2018-04-11 10:20:56.813+0000 INFO [o.n.k.i.DiagnosticsManager] file.encoding.pkg = sun.io
2018-04-11 10:20:56.813+0000 INFO [o.n.k.i.DiagnosticsManager] user.country = CN
2018-04-11 10:20:56.813+0000 INFO [o.n.k.i.DiagnosticsManager] user.script = 
2018-04-11 10:20:56.813+0000 INFO [o.n.k.i.DiagnosticsManager] sun.os.patch.level = 
2018-04-11 10:20:56.813+0000 INFO [o.n.k.i.DiagnosticsManager] install4j.exeDir = C:\Program Files\Neo4j CE 3.3.1\bin\
2018-04-11 10:20:56.813+0000 INFO [o.n.k.i.DiagnosticsManager] user.dir = C:\Program Files\Neo4j CE 3.3.1\bin
2018-04-11 10:20:56.813+0000 INFO [o.n.k.i.DiagnosticsManager] user.variant = 
2018-04-11 10:20:56.813+0000 INFO [o.n.k.i.DiagnosticsManager] exe4j.tempDir = 
2018-04-11 10:20:56.813+0000 INFO [o.n.k.i.DiagnosticsManager] sun.jnu.encoding = GBK
2018-04-11 10:20:56.813+0000 INFO [o.n.k.i.DiagnosticsManager] sun.nio.ch.bugLevel = 
2018-04-11 10:20:56.813+0000 INFO [o.n.k.i.DiagnosticsManager] unsupported.dbms.udc.source = desktop
2018-04-11 10:20:56.813+0000 INFO [o.n.k.i.DiagnosticsManager] sun.awt.enableExtraMouseButtons = true
2018-04-11 10:20:56.813+0000 INFO [o.n.k.i.DiagnosticsManager] install4j.launcherId = 24
2018-04-11 10:20:56.813+0000 INFO [o.n.k.i.DiagnosticsManager] sun.management.compiler = HotSpot 64-Bit Tiered Compilers
2018-04-11 10:20:56.814+0000 INFO [o.n.k.i.DiagnosticsManager] exe4j.isInstall4j = true
2018-04-11 10:20:56.814+0000 INFO [o.n.k.i.DiagnosticsManager] install4j.swt = false
2018-04-11 10:20:56.814+0000 INFO [o.n.k.i.DiagnosticsManager] user.home = C:\Users\AT
2018-04-11 10:20:56.815+0000 INFO [o.n.k.i.DiagnosticsManager] user.timezone = Asia/Shanghai
2018-04-11 10:20:56.815+0000 INFO [o.n.k.i.DiagnosticsManager] file.encoding = GBK
2018-04-11 10:20:56.815+0000 INFO [o.n.k.i.DiagnosticsManager] user.name = AT
2018-04-11 10:20:56.815+0000 INFO [o.n.k.i.DiagnosticsManager] sun.java.command = C:\Program Files\Neo4j CE 3.3.1\bin\neo4j-ce.exe
2018-04-11 10:20:56.815+0000 INFO [o.n.k.i.DiagnosticsManager] sun.arch.data.model = 64
2018-04-11 10:20:56.815+0000 INFO [o.n.k.i.DiagnosticsManager] exe4j.launchName = C:\PROGRA~1\NEO4JC~1.1\bin\neo4j-ce.exe
2018-04-11 10:20:56.815+0000 INFO [o.n.k.i.DiagnosticsManager] user.language = zh
2018-04-11 10:20:56.815+0000 INFO [o.n.k.i.DiagnosticsManager] awt.toolkit = sun.awt.windows.WToolkit
2018-04-11 10:20:56.815+0000 INFO [o.n.k.i.DiagnosticsManager] exe4j.unextractedPosition = 0
2018-04-11 10:20:56.815+0000 INFO [o.n.k.i.DiagnosticsManager] install4j.appDir = C:\Program Files\Neo4j CE 3.3.1\
2018-04-11 10:20:56.815+0000 INFO [o.n.k.i.DiagnosticsManager] file.separator = \
2018-04-11 10:20:56.815+0000 INFO [o.n.k.i.DiagnosticsManager] sun.io.unicode.encoding = UnicodeLittle
2018-04-11 10:20:56.815+0000 INFO [o.n.k.i.DiagnosticsManager] sun.cpu.endian = little
2018-04-11 10:20:56.815+0000 INFO [o.n.k.i.DiagnosticsManager] sun.desktop = windows
2018-04-11 10:20:56.815+0000 INFO [o.n.k.i.DiagnosticsManager] sun.cpu.isalist = amd64
2018-04-11 10:20:56.815+0000 INFO [o.n.k.i.DiagnosticsManager] Network information:
2018-04-11 10:20:57.036+0000 INFO [o.n.k.i.DiagnosticsManager] Interface Software Loopback Interface 1:
2018-04-11 10:20:57.036+0000 INFO [o.n.k.i.DiagnosticsManager]     address: 127.0.0.1
2018-04-11 10:20:57.036+0000 INFO [o.n.k.i.DiagnosticsManager]     address: 0:0:0:0:0:0:0:1
2018-04-11 10:20:57.036+0000 INFO [o.n.k.i.DiagnosticsManager] Interface Realtek USB FE Family Controller:
2018-04-11 10:20:57.036+0000 INFO [o.n.k.i.DiagnosticsManager] Interface WAN Miniport (IP):
2018-04-11 10:20:57.036+0000 INFO [o.n.k.i.DiagnosticsManager] Interface WAN Miniport (SSTP):
2018-04-11 10:20:57.036+0000 INFO [o.n.k.i.DiagnosticsManager] Interface Realtek PCIe GBE Family Controller:
2018-04-11 10:20:57.036+0000 INFO [o.n.k.i.DiagnosticsManager]     address: 192.168.14.45
2018-04-11 10:20:57.036+0000 INFO [o.n.k.i.DiagnosticsManager]     address: fe80:0:0:0:31c3:72c3:d46c:42f7%eth2
2018-04-11 10:20:57.036+0000 INFO [o.n.k.i.DiagnosticsManager] Interface VMware Virtual Ethernet Adapter for VMnet1:
2018-04-11 10:20:57.036+0000 INFO [o.n.k.i.DiagnosticsManager]     address: 192.168.165.1
2018-04-11 10:20:57.036+0000 INFO [o.n.k.i.DiagnosticsManager]     address: fe80:0:0:0:6cf0:b315:c69e:6b67%eth3
2018-04-11 10:20:57.036+0000 INFO [o.n.k.i.DiagnosticsManager] Interface Microsoft Wi-Fi Direct Virtual Adapter:
2018-04-11 10:20:57.036+0000 INFO [o.n.k.i.DiagnosticsManager]     address: fe80:0:0:0:e1f1:d2b2:6717:f074%wlan0
2018-04-11 10:20:57.036+0000 INFO [o.n.k.i.DiagnosticsManager] Interface Microsoft Kernel Debug Network Adapter:
2018-04-11 10:20:57.036+0000 INFO [o.n.k.i.DiagnosticsManager] Interface WAN Miniport (Network Monitor):
2018-04-11 10:20:57.036+0000 INFO [o.n.k.i.DiagnosticsManager] Interface WAN Miniport (IPv6):
2018-04-11 10:20:57.036+0000 INFO [o.n.k.i.DiagnosticsManager] Interface Npcap Loopback Adapter:
2018-04-11 10:20:57.037+0000 INFO [o.n.k.i.DiagnosticsManager] Interface WAN Miniport (PPTP):
2018-04-11 10:20:57.037+0000 INFO [o.n.k.i.DiagnosticsManager] Interface Sangfor SSL VPN CS Support System VNIC:
2018-04-11 10:20:57.037+0000 INFO [o.n.k.i.DiagnosticsManager]     address: 10.12.16.62
2018-04-11 10:20:57.037+0000 INFO [o.n.k.i.DiagnosticsManager]     address: fe80:0:0:0:e9b6:4ce0:9af:731c%eth8
2018-04-11 10:20:57.037+0000 INFO [o.n.k.i.DiagnosticsManager] Interface WAN Miniport (L2TP):
2018-04-11 10:20:57.037+0000 INFO [o.n.k.i.DiagnosticsManager] Interface Microsoft Wi-Fi Direct Virtual Adapter #2:
2018-04-11 10:20:57.037+0000 INFO [o.n.k.i.DiagnosticsManager] Interface VPN Client Adapter - VPN:
2018-04-11 10:20:57.037+0000 INFO [o.n.k.i.DiagnosticsManager]     address: fe80:0:0:0:3085:5322:d0c3:733f%eth9
2018-04-11 10:20:57.037+0000 INFO [o.n.k.i.DiagnosticsManager] Interface WAN Miniport (PPPOE):
2018-04-11 10:20:57.037+0000 INFO [o.n.k.i.DiagnosticsManager] Interface Bluetooth Device (RFCOMM Protocol TDI):
2018-04-11 10:20:57.037+0000 INFO [o.n.k.i.DiagnosticsManager] Interface Microsoft Teredo Tunneling Adapter:
2018-04-11 10:20:57.037+0000 INFO [o.n.k.i.DiagnosticsManager]     address: fe80:0:0:0:0:100:7f:fffe%net4
2018-04-11 10:20:57.037+0000 INFO [o.n.k.i.DiagnosticsManager] Interface Bluetooth Device (Personal Area Network):
2018-04-11 10:20:57.037+0000 INFO [o.n.k.i.DiagnosticsManager]     address: fe80:0:0:0:88dc:f530:a2f9:4e48%eth10
2018-04-11 10:20:57.037+0000 INFO [o.n.k.i.DiagnosticsManager] Interface WAN Miniport (IKEv2):
2018-04-11 10:20:57.037+0000 INFO [o.n.k.i.DiagnosticsManager] Interface VMware Virtual Ethernet Adapter for VMnet8:
2018-04-11 10:20:57.037+0000 INFO [o.n.k.i.DiagnosticsManager]     address: 192.168.25.1
2018-04-11 10:20:57.037+0000 INFO [o.n.k.i.DiagnosticsManager]     address: fe80:0:0:0:98eb:7067:8a1c:a30d%eth11
2018-04-11 10:20:57.037+0000 INFO [o.n.k.i.DiagnosticsManager] Interface Intel(R) Dual Band Wireless-AC 7265:
2018-04-11 10:20:57.037+0000 INFO [o.n.k.i.DiagnosticsManager]     address: fe80:0:0:0:e1a8:223:8894:4d0%wlan2
2018-04-11 10:20:57.037+0000 INFO [o.n.k.i.DiagnosticsManager] Interface VPN Client Adapter - VPN-WFP Native MAC Layer LightWeight Filter-0000:
2018-04-11 10:20:57.037+0000 INFO [o.n.k.i.DiagnosticsManager] Interface VPN Client Adapter - VPN-QoS Packet Scheduler-0000:
2018-04-11 10:20:57.037+0000 INFO [o.n.k.i.DiagnosticsManager] Interface VPN Client Adapter - VPN-WFP 802.3 MAC Layer LightWeight Filter-0000:
2018-04-11 10:20:57.037+0000 INFO [o.n.k.i.DiagnosticsManager] Interface Sangfor SSL VPN CS Support System VNIC-WFP Native MAC Layer LightWeight Filter-0000:
2018-04-11 10:20:57.037+0000 INFO [o.n.k.i.DiagnosticsManager] Interface Sangfor SSL VPN CS Support System VNIC-QoS Packet Scheduler-0000:
2018-04-11 10:20:57.037+0000 INFO [o.n.k.i.DiagnosticsManager] Interface Sangfor SSL VPN CS Support System VNIC-WFP 802.3 MAC Layer LightWeight Filter-0000:
2018-04-11 10:20:57.037+0000 INFO [o.n.k.i.DiagnosticsManager] Interface Realtek PCIe GBE Family Controller-WFP Native MAC Layer LightWeight Filter-0000:
2018-04-11 10:20:57.037+0000 INFO [o.n.k.i.DiagnosticsManager] Interface Realtek PCIe GBE Family Controller-QoS Packet Scheduler-0000:
2018-04-11 10:20:57.037+0000 INFO [o.n.k.i.DiagnosticsManager] Interface Realtek PCIe GBE Family Controller-WFP 802.3 MAC Layer LightWeight Filter-0000:
2018-04-11 10:20:57.037+0000 INFO [o.n.k.i.DiagnosticsManager] Interface Intel(R) Dual Band Wireless-AC 7265-WFP Native MAC Layer LightWeight Filter-0000:
2018-04-11 10:20:57.037+0000 INFO [o.n.k.i.DiagnosticsManager] Interface Intel(R) Dual Band Wireless-AC 7265-Virtual WiFi Filter Driver-0000:
2018-04-11 10:20:57.037+0000 INFO [o.n.k.i.DiagnosticsManager] Interface Intel(R) Dual Band Wireless-AC 7265-Native WiFi Filter Driver-0000:
2018-04-11 10:20:57.038+0000 INFO [o.n.k.i.DiagnosticsManager] Interface Intel(R) Dual Band Wireless-AC 7265-QoS Packet Scheduler-0000:
2018-04-11 10:20:57.038+0000 INFO [o.n.k.i.DiagnosticsManager] Interface Intel(R) Dual Band Wireless-AC 7265-WFP 802.3 MAC Layer LightWeight Filter-0000:
2018-04-11 10:20:57.038+0000 INFO [o.n.k.i.DiagnosticsManager] Interface WAN Miniport (IP)-WFP Native MAC Layer LightWeight Filter-0000:
2018-04-11 10:20:57.038+0000 INFO [o.n.k.i.DiagnosticsManager] Interface WAN Miniport (IP)-QoS Packet Scheduler-0000:
2018-04-11 10:20:57.038+0000 INFO [o.n.k.i.DiagnosticsManager] Interface WAN Miniport (IPv6)-WFP Native MAC Layer LightWeight Filter-0000:
2018-04-11 10:20:57.038+0000 INFO [o.n.k.i.DiagnosticsManager] Interface WAN Miniport (IPv6)-QoS Packet Scheduler-0000:
2018-04-11 10:20:57.038+0000 INFO [o.n.k.i.DiagnosticsManager] Interface WAN Miniport (Network Monitor)-WFP Native MAC Layer LightWeight Filter-0000:
2018-04-11 10:20:57.038+0000 INFO [o.n.k.i.DiagnosticsManager] Interface WAN Miniport (Network Monitor)-QoS Packet Scheduler-0000:
2018-04-11 10:20:57.038+0000 INFO [o.n.k.i.DiagnosticsManager] Interface Microsoft Wi-Fi Direct Virtual Adapter-WFP Native MAC Layer LightWeight Filter-0000:
2018-04-11 10:20:57.038+0000 INFO [o.n.k.i.DiagnosticsManager] Interface Microsoft Wi-Fi Direct Virtual Adapter-Native WiFi Filter Driver-0000:
2018-04-11 10:20:57.038+0000 INFO [o.n.k.i.DiagnosticsManager] Interface Microsoft Wi-Fi Direct Virtual Adapter-QoS Packet Scheduler-0000:
2018-04-11 10:20:57.038+0000 INFO [o.n.k.i.DiagnosticsManager] Interface Microsoft Wi-Fi Direct Virtual Adapter-WFP 802.3 MAC Layer LightWeight Filter-0000:
2018-04-11 10:20:57.038+0000 INFO [o.n.k.i.DiagnosticsManager] --- INITIALIZED diagnostics END ---
2018-04-11 10:20:57.148+0000 INFO [o.n.b.v.r.WorkerFactory] Bolt Server extension loaded.
2018-04-11 10:20:57.149+0000 INFO [o.n.b.v.r.WorkerFactory] Bolt enabled on 127.0.0.1:7687.
2018-04-11 10:20:57.158+0000 INFO [o.n.k.i.s.f.RecordFormatSelector] Selected format 'RecordFormat:StandardV3_2[v0.A.8]' for the new store
2018-04-11 10:20:59.608+0000 INFO [o.n.k.i.a.i.IndexingService] IndexingService.init: indexes not specifically mentioned above are null
2018-04-11 10:20:59.610+0000 INFO [o.n.k.i.i.l.NativeLabelScanStore] No scan store found, this might just be first use. Preparing to rebuild.
2018-04-11 10:20:59.716+0000 INFO [o.n.k.NeoStoreDataSource] Opened logical log [C:\ProjectCode\PyScript\LogonTracer-master\neo4jLogonTracer\neostore.transaction.db.0] version=0, lastTxId=1 (clean)
2018-04-11 10:20:59.718+0000 INFO [o.n.k.NeoStoreDataSource] No commits found after last check point (which is at <no log position given>)
2018-04-11 10:20:59.720+0000 WARN [o.n.k.i.s.MetaDataStore] Missing counts store, rebuilding it.
2018-04-11 10:20:59.783+0000 WARN [o.n.k.i.s.MetaDataStore] Counts store rebuild completed.
2018-04-11 10:20:59.790+0000 INFO [o.n.k.i.a.i.IndexingService] IndexingService.start: indexes not specifically mentioned above are null
2018-04-11 10:20:59.791+0000 INFO [o.n.k.i.i.l.NativeLabelScanStore] Rebuilding scan store, this may take a while
2018-04-11 10:20:59.840+0000 INFO [o.n.k.i.i.l.NativeLabelScanStore] Scan store rebuilt (roughly 0 nodes)
2018-04-11 10:20:59.842+0000 INFO [o.n.k.i.DatabaseHealth] Database health set to OK
2018-04-11 10:20:59.863+0000 INFO [o.n.k.AvailabilityGuard] Fulfilling of requirement makes database available: Database available
2018-04-11 10:20:59.864+0000 INFO [o.n.k.i.f.GraphDatabaseFacadeFactory] Database is now ready
2018-04-11 10:20:59.865+0000 INFO [o.n.k.i.DiagnosticsManager] --- STARTED diagnostics for KernelDiagnostics:Versions START ---
2018-04-11 10:20:59.866+0000 INFO [o.n.k.i.DiagnosticsManager] Graph Database: community single StoreId{creationTime=1523442059529, randomId=-7906617139971942209, storeVersion=15813456178476550, upgradeTime=1523442059529, upgradeId=1}
2018-04-11 10:20:59.867+0000 INFO [o.n.k.i.DiagnosticsManager] Kernel version: 3.3.1
2018-04-11 10:20:59.867+0000 INFO [o.n.k.i.DiagnosticsManager] --- STARTED diagnostics for KernelDiagnostics:Versions END ---
2018-04-11 10:20:59.869+0000 INFO [o.n.k.i.DiagnosticsManager] --- STARTED diagnostics for NEO_STORE_VERSIONS START ---
2018-04-11 10:20:59.869+0000 INFO [o.n.k.i.DiagnosticsManager] Store versions:
2018-04-11 10:20:59.870+0000 INFO [o.n.k.i.DiagnosticsManager] Store versions:
2018-04-11 10:20:59.871+0000 INFO [o.n.k.i.DiagnosticsManager]   ArrayPropertyStore v0.A.8
2018-04-11 10:20:59.872+0000 INFO [o.n.k.i.DiagnosticsManager]   NodeStore v0.A.8
2018-04-11 10:20:59.873+0000 INFO [o.n.k.i.DiagnosticsManager]   StringPropertyStore v0.A.8
2018-04-11 10:20:59.874+0000 INFO [o.n.k.i.DiagnosticsManager]   PropertyIndexStore v0.A.8
2018-04-11 10:20:59.876+0000 INFO [o.n.k.i.DiagnosticsManager]   StringPropertyStore v0.A.8
2018-04-11 10:20:59.877+0000 INFO [o.n.k.i.DiagnosticsManager]   ArrayPropertyStore v0.A.8
2018-04-11 10:20:59.878+0000 INFO [o.n.k.i.DiagnosticsManager]   PropertyStore v0.A.8
2018-04-11 10:20:59.879+0000 INFO [o.n.k.i.DiagnosticsManager]   RelationshipStore v0.A.8
2018-04-11 10:20:59.879+0000 INFO [o.n.k.i.DiagnosticsManager]   StringPropertyStore v0.A.8
2018-04-11 10:20:59.880+0000 INFO [o.n.k.i.DiagnosticsManager]   RelationshipTypeStore v0.A.8
2018-04-11 10:20:59.881+0000 INFO [o.n.k.i.DiagnosticsManager]   StringPropertyStore v0.A.8
2018-04-11 10:20:59.882+0000 INFO [o.n.k.i.DiagnosticsManager]   LabelTokenStore v0.A.8
2018-04-11 10:20:59.883+0000 INFO [o.n.k.i.DiagnosticsManager]   SchemaStore v0.A.8
2018-04-11 10:20:59.884+0000 INFO [o.n.k.i.DiagnosticsManager]   RelationshipGroupStore v0.A.8
2018-04-11 10:20:59.886+0000 INFO [o.n.k.i.DiagnosticsManager]   NeoStore v0.A.8
2018-04-11 10:20:59.887+0000 INFO [o.n.k.i.DiagnosticsManager] --- STARTED diagnostics for NEO_STORE_VERSIONS END ---
2018-04-11 10:20:59.888+0000 INFO [o.n.k.i.DiagnosticsManager] --- STARTED diagnostics for NEO_STORE_ID_USAGE START ---
2018-04-11 10:20:59.889+0000 INFO [o.n.k.i.DiagnosticsManager] Id usage:
2018-04-11 10:20:59.889+0000 INFO [o.n.k.i.DiagnosticsManager] Id usage:
2018-04-11 10:20:59.891+0000 INFO [o.n.k.i.DiagnosticsManager]   ArrayPropertyStore: used=1 high=0
2018-04-11 10:20:59.892+0000 INFO [o.n.k.i.DiagnosticsManager]   NodeStore: used=0 high=-1
2018-04-11 10:20:59.893+0000 INFO [o.n.k.i.DiagnosticsManager]   StringPropertyStore: used=1 high=0
2018-04-11 10:20:59.894+0000 INFO [o.n.k.i.DiagnosticsManager]   PropertyIndexStore: used=0 high=-1
2018-04-11 10:20:59.895+0000 INFO [o.n.k.i.DiagnosticsManager]   StringPropertyStore: used=1 high=0
2018-04-11 10:20:59.897+0000 INFO [o.n.k.i.DiagnosticsManager]   ArrayPropertyStore: used=1 high=0
2018-04-11 10:20:59.898+0000 INFO [o.n.k.i.DiagnosticsManager]   PropertyStore: used=0 high=-1
2018-04-11 10:20:59.900+0000 INFO [o.n.k.i.DiagnosticsManager]   RelationshipStore: used=0 high=-1
2018-04-11 10:20:59.901+0000 INFO [o.n.k.i.DiagnosticsManager]   StringPropertyStore: used=1 high=0
2018-04-11 10:20:59.902+0000 INFO [o.n.k.i.DiagnosticsManager]   RelationshipTypeStore: used=0 high=-1
2018-04-11 10:20:59.903+0000 INFO [o.n.k.i.DiagnosticsManager]   StringPropertyStore: used=1 high=0
2018-04-11 10:20:59.904+0000 INFO [o.n.k.i.DiagnosticsManager]   LabelTokenStore: used=0 high=-1
2018-04-11 10:20:59.906+0000 INFO [o.n.k.i.DiagnosticsManager]   SchemaStore: used=1 high=0
2018-04-11 10:20:59.907+0000 INFO [o.n.k.i.DiagnosticsManager]   RelationshipGroupStore: used=1 high=0
2018-04-11 10:20:59.908+0000 INFO [o.n.k.i.DiagnosticsManager]   NeoStore: used=15 high=14
2018-04-11 10:20:59.909+0000 INFO [o.n.k.i.DiagnosticsManager] --- STARTED diagnostics for NEO_STORE_ID_USAGE END ---
2018-04-11 10:20:59.910+0000 INFO [o.n.k.i.DiagnosticsManager] --- STARTED diagnostics for NEO_STORE_RECORDS START ---
2018-04-11 10:20:59.910+0000 INFO [o.n.k.i.DiagnosticsManager] Neostore records:
2018-04-11 10:20:59.912+0000 INFO [o.n.k.i.DiagnosticsManager] TIME (Creation time): 1523442059529
2018-04-11 10:20:59.913+0000 INFO [o.n.k.i.DiagnosticsManager] RANDOM_NUMBER (Random number for store id): -7906617139971942209
2018-04-11 10:20:59.913+0000 INFO [o.n.k.i.DiagnosticsManager] LOG_VERSION (Current log version): 0
2018-04-11 10:20:59.914+0000 INFO [o.n.k.i.DiagnosticsManager] LAST_TRANSACTION_ID (Last committed transaction): 1
2018-04-11 10:20:59.916+0000 INFO [o.n.k.i.DiagnosticsManager] STORE_VERSION (Store format version): 15813456178476550
2018-04-11 10:20:59.917+0000 INFO [o.n.k.i.DiagnosticsManager] FIRST_GRAPH_PROPERTY (First property record containing graph properties): -1
2018-04-11 10:20:59.919+0000 INFO [o.n.k.i.DiagnosticsManager] LAST_CONSTRAINT_TRANSACTION (Last committed transaction containing constraint changes): 0
2018-04-11 10:20:59.920+0000 INFO [o.n.k.i.DiagnosticsManager] UPGRADE_TRANSACTION_ID (Transaction id most recent upgrade was performed at): 1
2018-04-11 10:20:59.920+0000 INFO [o.n.k.i.DiagnosticsManager] UPGRADE_TIME (Time of last upgrade): 1523442059529
2018-04-11 10:20:59.921+0000 INFO [o.n.k.i.DiagnosticsManager] LAST_TRANSACTION_CHECKSUM (Checksum of last committed transaction): 0
2018-04-11 10:20:59.922+0000 INFO [o.n.k.i.DiagnosticsManager] UPGRADE_TRANSACTION_CHECKSUM (Checksum of transaction id the most recent upgrade was performed at): 0
2018-04-11 10:20:59.923+0000 INFO [o.n.k.i.DiagnosticsManager] LAST_CLOSED_TRANSACTION_LOG_VERSION (Log version where the last transaction commit entry has been written into): 0
2018-04-11 10:20:59.924+0000 INFO [o.n.k.i.DiagnosticsManager] LAST_CLOSED_TRANSACTION_LOG_BYTE_OFFSET (Byte offset in the log file where the last transaction commit entry has been written into): 16
2018-04-11 10:20:59.925+0000 INFO [o.n.k.i.DiagnosticsManager] LAST_TRANSACTION_COMMIT_TIMESTAMP (Commit time timestamp for last committed transaction): 0
2018-04-11 10:20:59.926+0000 INFO [o.n.k.i.DiagnosticsManager] UPGRADE_TRANSACTION_COMMIT_TIMESTAMP (Commit timestamp of transaction the most recent upgrade was performed at): 0
2018-04-11 10:20:59.927+0000 INFO [o.n.k.i.DiagnosticsManager] --- STARTED diagnostics for NEO_STORE_RECORDS END ---
2018-04-11 10:20:59.928+0000 INFO [o.n.k.i.DiagnosticsManager] --- STARTED diagnostics for TRANSACTION_RANGE START ---
2018-04-11 10:20:59.929+0000 INFO [o.n.k.i.DiagnosticsManager] Transaction log:
2018-04-11 10:20:59.931+0000 INFO [o.n.k.i.DiagnosticsManager] No transactions found in any log
2018-04-11 10:20:59.932+0000 INFO [o.n.k.i.DiagnosticsManager] --- STARTED diagnostics for TRANSACTION_RANGE END ---
2018-04-11 10:20:59.933+0000 INFO [o.n.k.i.DiagnosticsManager] --- STARTED diagnostics for KernelDiagnostics:StoreFiles START ---
2018-04-11 10:20:59.939+0000 INFO [o.n.k.i.DiagnosticsManager] Disk space on partition (Total / Free / Free %): 478569033728 / 75074904064 / 15
2018-04-11 10:20:59.940+0000 INFO [o.n.k.i.DiagnosticsManager] Storage files: (filename : modification date - size)
2018-04-11 10:20:59.942+0000 INFO [o.n.k.i.DiagnosticsManager]   certificates:
2018-04-11 10:20:59.944+0000 INFO [o.n.k.i.DiagnosticsManager]     neo4j.cert: 2018-04-11T18:20:57+0800 - 1002.00 B
2018-04-11 10:20:59.946+0000 INFO [o.n.k.i.DiagnosticsManager]     neo4j.key: 2018-04-11T18:20:57+0800 - 1.70 kB
2018-04-11 10:20:59.947+0000 INFO [o.n.k.i.DiagnosticsManager]   - Total: 2018-04-11T18:20:57+0800 - 2.67 kB
2018-04-11 10:20:59.948+0000 INFO [o.n.k.i.DiagnosticsManager]   data:
2018-04-11 10:20:59.950+0000 INFO [o.n.k.i.DiagnosticsManager]     dbms:
2018-04-11 10:20:59.952+0000 INFO [o.n.k.i.DiagnosticsManager]       auth: 2018-04-11T18:20:59+0800 - 137.00 B
2018-04-11 10:20:59.953+0000 INFO [o.n.k.i.DiagnosticsManager]     - Total: 2018-04-11T18:20:59+0800 - 137.00 B
2018-04-11 10:20:59.954+0000 INFO [o.n.k.i.DiagnosticsManager]   - Total: 2018-04-11T18:20:59+0800 - 137.00 B
2018-04-11 10:20:59.956+0000 INFO [o.n.k.i.DiagnosticsManager]   index:
2018-04-11 10:20:59.957+0000 INFO [o.n.k.i.DiagnosticsManager]   - Total: 2018-04-11T18:20:59+0800 - 0.00 B
2018-04-11 10:20:59.958+0000 INFO [o.n.k.i.DiagnosticsManager]   logs:
2018-04-11 10:20:59.960+0000 INFO [o.n.k.i.DiagnosticsManager]     debug.log: 2018-04-11T18:20:58+0800 - 35.62 kB
2018-04-11 10:20:59.962+0000 INFO [o.n.k.i.DiagnosticsManager]   - Total: 2018-04-11T18:20:56+0800 - 35.62 kB
2018-04-11 10:20:59.963+0000 INFO [o.n.k.i.DiagnosticsManager]   neostore: 2018-04-11T18:20:59+0800 - 8.00 kB
2018-04-11 10:20:59.966+0000 INFO [o.n.k.i.DiagnosticsManager]   neostore.counts.db.a: 2018-04-11T18:20:59+0800 - 96.00 B
2018-04-11 10:20:59.967+0000 INFO [o.n.k.i.DiagnosticsManager]   neostore.id: 2018-04-11T18:20:59+0800 - 9.00 B
2018-04-11 10:20:59.969+0000 INFO [o.n.k.i.DiagnosticsManager]   neostore.labelscanstore.db: 2018-04-11T18:20:59+0800 - 40.00 kB
2018-04-11 10:20:59.971+0000 INFO [o.n.k.i.DiagnosticsManager]   neostore.labeltokenstore.db: 2018-04-11T18:20:58+0800 - 0.00 B
2018-04-11 10:20:59.973+0000 INFO [o.n.k.i.DiagnosticsManager]   neostore.labeltokenstore.db.id: 2018-04-11T18:20:59+0800 - 9.00 B
2018-04-11 10:20:59.974+0000 INFO [o.n.k.i.DiagnosticsManager]   neostore.labeltokenstore.db.names: 2018-04-11T18:20:58+0800 - 8.00 kB
2018-04-11 10:20:59.976+0000 INFO [o.n.k.i.DiagnosticsManager]   neostore.labeltokenstore.db.names.id: 2018-04-11T18:20:58+0800 - 9.00 B
2018-04-11 10:20:59.978+0000 INFO [o.n.k.i.DiagnosticsManager]   neostore.nodestore.db: 2018-04-11T18:20:57+0800 - 0.00 B
2018-04-11 10:20:59.979+0000 INFO [o.n.k.i.DiagnosticsManager]   neostore.nodestore.db.id: 2018-04-11T18:20:57+0800 - 9.00 B
2018-04-11 10:20:59.981+0000 INFO [o.n.k.i.DiagnosticsManager]   neostore.nodestore.db.labels: 2018-04-11T18:20:57+0800 - 8.00 kB
2018-04-11 10:20:59.982+0000 INFO [o.n.k.i.DiagnosticsManager]   neostore.nodestore.db.labels.id: 2018-04-11T18:20:57+0800 - 9.00 B
2018-04-11 10:20:59.984+0000 INFO [o.n.k.i.DiagnosticsManager]   neostore.propertystore.db: 2018-04-11T18:20:58+0800 - 0.00 B
2018-04-11 10:20:59.986+0000 INFO [o.n.k.i.DiagnosticsManager]   neostore.propertystore.db.arrays: 2018-04-11T18:20:58+0800 - 8.00 kB
2018-04-11 10:20:59.987+0000 INFO [o.n.k.i.DiagnosticsManager]   neostore.propertystore.db.arrays.id: 2018-04-11T18:20:58+0800 - 9.00 B
2018-04-11 10:20:59.989+0000 INFO [o.n.k.i.DiagnosticsManager]   neostore.propertystore.db.id: 2018-04-11T18:20:58+0800 - 9.00 B
2018-04-11 10:20:59.992+0000 INFO [o.n.k.i.DiagnosticsManager]   neostore.propertystore.db.index: 2018-04-11T18:20:57+0800 - 0.00 B
2018-04-11 10:20:59.994+0000 INFO [o.n.k.i.DiagnosticsManager]   neostore.propertystore.db.index.id: 2018-04-11T18:20:57+0800 - 9.00 B
2018-04-11 10:20:59.996+0000 INFO [o.n.k.i.DiagnosticsManager]   neostore.propertystore.db.index.keys: 2018-04-11T18:20:57+0800 - 8.00 kB
2018-04-11 10:20:59.998+0000 INFO [o.n.k.i.DiagnosticsManager]   neostore.propertystore.db.index.keys.id: 2018-04-11T18:20:57+0800 - 9.00 B
2018-04-11 10:20:59.999+0000 INFO [o.n.k.i.DiagnosticsManager]   neostore.propertystore.db.strings: 2018-04-11T18:20:58+0800 - 8.00 kB
2018-04-11 10:21:00.001+0000 INFO [o.n.k.i.DiagnosticsManager]   neostore.propertystore.db.strings.id: 2018-04-11T18:20:58+0800 - 9.00 B
2018-04-11 10:21:00.004+0000 INFO [o.n.k.i.DiagnosticsManager]   neostore.relationshipgroupstore.db: 2018-04-11T18:20:59+0800 - 8.00 kB
2018-04-11 10:21:00.006+0000 INFO [o.n.k.i.DiagnosticsManager]   neostore.relationshipgroupstore.db.id: 2018-04-11T18:20:59+0800 - 9.00 B
2018-04-11 10:21:00.008+0000 INFO [o.n.k.i.DiagnosticsManager]   neostore.relationshipstore.db: 2018-04-11T18:20:58+0800 - 0.00 B
2018-04-11 10:21:00.010+0000 INFO [o.n.k.i.DiagnosticsManager]   neostore.relationshipstore.db.id: 2018-04-11T18:20:58+0800 - 9.00 B
2018-04-11 10:21:00.012+0000 INFO [o.n.k.i.DiagnosticsManager]   neostore.relationshiptypestore.db: 2018-04-11T18:20:58+0800 - 0.00 B
2018-04-11 10:21:00.013+0000 INFO [o.n.k.i.DiagnosticsManager]   neostore.relationshiptypestore.db.id: 2018-04-11T18:20:58+0800 - 9.00 B
2018-04-11 10:21:00.015+0000 INFO [o.n.k.i.DiagnosticsManager]   neostore.relationshiptypestore.db.names: 2018-04-11T18:20:58+0800 - 8.00 kB
2018-04-11 10:21:00.016+0000 INFO [o.n.k.i.DiagnosticsManager]   neostore.relationshiptypestore.db.names.id: 2018-04-11T18:20:58+0800 - 9.00 B
2018-04-11 10:21:00.018+0000 INFO [o.n.k.i.DiagnosticsManager]   neostore.schemastore.db: 2018-04-11T18:20:59+0800 - 8.00 kB
2018-04-11 10:21:00.020+0000 INFO [o.n.k.i.DiagnosticsManager]   neostore.schemastore.db.id: 2018-04-11T18:20:59+0800 - 9.00 B
2018-04-11 10:21:00.022+0000 INFO [o.n.k.i.DiagnosticsManager]   neostore.transaction.db.0: 2018-04-11T18:20:59+0800 - 16.00 B
2018-04-11 10:21:00.023+0000 INFO [o.n.k.i.DiagnosticsManager]   store_lock: 2018-04-11T18:20:57+0800 - 0.00 B
2018-04-11 10:21:00.024+0000 INFO [o.n.k.i.DiagnosticsManager] Storage summary: 
2018-04-11 10:21:00.025+0000 INFO [o.n.k.i.DiagnosticsManager]   Total size of store: 150.67 kB
2018-04-11 10:21:00.027+0000 INFO [o.n.k.i.DiagnosticsManager]   Total size of mapped files: 112.00 kB
2018-04-11 10:21:00.029+0000 INFO [o.n.k.i.DiagnosticsManager] --- STARTED diagnostics for KernelDiagnostics:StoreFiles END ---
2018-04-11 10:21:00.060+0000 INFO [o.n.k.i.DiagnosticsManager] --- SERVER STARTED START ---
2018-04-11 10:21:00.681+0000 INFO [o.n.k.i.DiagnosticsManager] --- SERVER STARTED END ---
2018-04-11 10:21:32.699+0000 WARN [o.n.k.i.c.MonitorGc] GC Monitor: Application threads blocked for 744ms.
2018-04-11 10:34:13.087+0000 WARN [o.n.k.i.c.MonitorGc] GC Monitor: Application threads blocked for 249ms.
2018-04-11 10:34:56.835+0000 WARN [o.n.k.i.c.MonitorGc] GC Monitor: Application threads blocked for 229ms.
2018-04-11 10:40:36.554+0000 WARN [o.n.k.i.c.MonitorGc] GC Monitor: Application threads blocked for 204ms.
2018-04-11 10:54:42.623+0000 ERROR [o.n.k.i.u.w.DefaultFileDeletionEventListener] 'logontracer.py' which belongs to the store was deleted while database was running.
2018-04-11 10:54:42.625+0000 ERROR [o.n.k.i.u.w.DefaultFileDeletionEventListener] 'logontracer.py___jb_tmp___' which belongs to the store was deleted while database was running.
2018-04-11 10:54:42.627+0000 ERROR [o.n.k.i.u.w.DefaultFileDeletionEventListener] 'logontracer.py___jb_old___' which belongs to the store was deleted while database was running.
2018-04-11 10:55:52.824+0000 WARN [o.n.k.i.c.MonitorGc] GC Monitor: Application threads blocked for 282ms.
2018-04-11 12:07:41.333+0000 INFO [o.n.k.i.f.GraphDatabaseFacadeFactory] Shutdown started
2018-04-11 12:07:41.336+0000 INFO [o.n.k.i.f.GraphDatabaseFacadeFactory] Database is now unavailable
2018-04-11 12:07:41.367+0000 INFO [o.n.k.i.t.l.c.CheckPointerImpl] Check Pointing triggered by database shutdown [1]:  Starting check pointing...
2018-04-11 12:07:41.368+0000 INFO [o.n.k.i.t.l.c.CheckPointerImpl] Check Pointing triggered by database shutdown [1]:  Starting store flush...
2018-04-11 12:07:41.531+0000 INFO [o.n.k.i.t.l.c.CheckPointerImpl] Check Pointing triggered by database shutdown [1]:  Store flush completed
2018-04-11 12:07:41.531+0000 INFO [o.n.k.i.t.l.c.CheckPointerImpl] Check Pointing triggered by database shutdown [1]:  Starting appending check point entry into the tx log...
2018-04-11 12:07:41.603+0000 INFO [o.n.k.i.t.l.c.CheckPointerImpl] Check Pointing triggered by database shutdown [1]:  Appending check point entry into the tx log completed
2018-04-11 12:07:41.605+0000 INFO [o.n.k.i.t.l.c.CheckPointerImpl] Check Pointing triggered by database shutdown [1]:  Check pointing completed
2018-04-11 12:07:41.606+0000 INFO [o.n.k.i.t.l.p.LogPruningImpl] Log Rotation [0]:  Starting log pruning.
2018-04-11 12:07:41.608+0000 INFO [o.n.k.i.t.l.p.LogPruningImpl] Log Rotation [0]:  Log pruning complete.
2018-04-11 12:07:43.110+0000 INFO [o.n.k.i.DiagnosticsManager] --- STOPPING diagnostics START ---
2018-04-11 12:07:43.111+0000 INFO [o.n.k.i.DiagnosticsManager] --- STOPPING diagnostics END ---
