c:\users\windows32\desktop\周哥mfc\zgjit_ui\19-ui\demo\myfirstmfc\myfirstmfc\mfc_05_tabctrl\debug\mfc_05_tabctrl.pch
c:\users\windows32\desktop\周哥mfc\zgjit_ui\19-ui\demo\myfirstmfc\myfirstmfc\mfc_05_tabctrl\debug\vc141.pdb
c:\users\windows32\desktop\周哥mfc\zgjit_ui\19-ui\demo\myfirstmfc\myfirstmfc\mfc_05_tabctrl\debug\vc141.idb
c:\users\windows32\desktop\周哥mfc\zgjit_ui\19-ui\demo\myfirstmfc\myfirstmfc\mfc_05_tabctrl\debug\stdafx.obj
c:\users\windows32\desktop\周哥mfc\zgjit_ui\19-ui\demo\myfirstmfc\myfirstmfc\mfc_05_tabctrl\debug\mfc_05_tabctrldlg.obj
c:\users\windows32\desktop\周哥mfc\zgjit_ui\19-ui\demo\myfirstmfc\myfirstmfc\mfc_05_tabctrl\debug\mfc_05_tabctrl.obj
c:\users\windows32\desktop\周哥mfc\zgjit_ui\19-ui\demo\myfirstmfc\myfirstmfc\mfc_05_tabctrl\debug\cpageproc.obj
c:\users\windows32\desktop\周哥mfc\zgjit_ui\19-ui\demo\myfirstmfc\myfirstmfc\mfc_05_tabctrl\debug\cpagenet.obj
c:\users\windows32\desktop\周哥mfc\zgjit_ui\19-ui\demo\myfirstmfc\myfirstmfc\mfc_05_tabctrl\debug\cpagefile.obj
c:\users\windows32\desktop\周哥mfc\zgjit_ui\19-ui\demo\myfirstmfc\myfirstmfc\debug\mfc_05_tabctrl.ilk
c:\users\windows32\desktop\周哥mfc\zgjit_ui\19-ui\demo\myfirstmfc\myfirstmfc\debug\mfc_05_tabctrl.exe
c:\users\windows32\desktop\周哥mfc\zgjit_ui\19-ui\demo\myfirstmfc\myfirstmfc\debug\mfc_05_tabctrl.pdb
c:\users\windows32\desktop\周哥mfc\zgjit_ui\19-ui\demo\myfirstmfc\myfirstmfc\mfc_05_tabctrl\debug\mfc05tabctrl.res
c:\users\windows32\desktop\周哥mfc\zgjit_ui\19-ui\demo\myfirstmfc\myfirstmfc\mfc_05_tabctrl\debug\mfc_05_tabctrl.tlog\cl.command.1.tlog
c:\users\windows32\desktop\周哥mfc\zgjit_ui\19-ui\demo\myfirstmfc\myfirstmfc\mfc_05_tabctrl\debug\mfc_05_tabctrl.tlog\cl.read.1.tlog
c:\users\windows32\desktop\周哥mfc\zgjit_ui\19-ui\demo\myfirstmfc\myfirstmfc\mfc_05_tabctrl\debug\mfc_05_tabctrl.tlog\cl.write.1.tlog
c:\users\windows32\desktop\周哥mfc\zgjit_ui\19-ui\demo\myfirstmfc\myfirstmfc\mfc_05_tabctrl\debug\mfc_05_tabctrl.tlog\link.command.1.tlog
c:\users\windows32\desktop\周哥mfc\zgjit_ui\19-ui\demo\myfirstmfc\myfirstmfc\mfc_05_tabctrl\debug\mfc_05_tabctrl.tlog\link.read.1.tlog
c:\users\windows32\desktop\周哥mfc\zgjit_ui\19-ui\demo\myfirstmfc\myfirstmfc\mfc_05_tabctrl\debug\mfc_05_tabctrl.tlog\link.write.1.tlog
c:\users\windows32\desktop\周哥mfc\zgjit_ui\19-ui\demo\myfirstmfc\myfirstmfc\mfc_05_tabctrl\debug\mfc_05_tabctrl.tlog\rc.command.1.tlog
c:\users\windows32\desktop\周哥mfc\zgjit_ui\19-ui\demo\myfirstmfc\myfirstmfc\mfc_05_tabctrl\debug\mfc_05_tabctrl.tlog\rc.read.1.tlog
c:\users\windows32\desktop\周哥mfc\zgjit_ui\19-ui\demo\myfirstmfc\myfirstmfc\mfc_05_tabctrl\debug\mfc_05_tabctrl.tlog\rc.write.1.tlog
