生成启动时间为 2018/05/15 12:30:44。
     1>项目“G:\资料存档\00CodeRecord\00基础代码工程\20171105_bin2hex\20171105_bin2hex\20171105_bin2hex.vcxproj”在节点 2 上(Build 个目标)。
     1>ClCompile:
         C:\Program Files (x86)\Microsoft Visual Studio 14.0\VC\bin\CL.exe /c /ZI /nologo /W3 /WX- /sdl /Od /Oy- /D WIN32 /D _DEBUG /D _CONSOLE /D _UNICODE /D UNICODE /Gm /EHsc /RTC1 /MDd /GS- /fp:precise /Zc:wchar_t /Zc:forScope /Zc:inline /Yc"stdafx.h" /Fp"Debug\20171105_bin2hex.pch" /Fo"Debug\\" /Fd"Debug\vc140.pdb" /Gd /TP /analyze- /errorReport:prompt stdafx.cpp
     1>cl : 命令行 warning D9025: 正在重写“/sdl”(用“/GS-”)
         stdafx.cpp
         C:\Program Files (x86)\Microsoft Visual Studio 14.0\VC\bin\CL.exe /c /ZI /nologo /W3 /WX- /sdl /Od /Oy- /D WIN32 /D _DEBUG /D _CONSOLE /D _UNICODE /D UNICODE /Gm /EHsc /RTC1 /MDd /GS- /fp:precise /Zc:wchar_t /Zc:forScope /Zc:inline /Yu"stdafx.h" /Fp"Debug\20171105_bin2hex.pch" /Fo"Debug\\" /Fd"Debug\vc140.pdb" /Gd /TP /analyze- /errorReport:prompt 20171105_bin2hex.cpp
     1>cl : 命令行 warning D9025: 正在重写“/sdl”(用“/GS-”)
         20171105_bin2hex.cpp
     1>g:\资料存档\00coderecord\00基础代码工程\20171105_bin2hex\20171105_bin2hex\20171105_bin2hex.cpp(38): warning C4996: 'fopen': This function or variable may be unsafe. Consider using fopen_s instead. To disable deprecation, use _CRT_SECURE_NO_WARNINGS. See online help for details.
         c:\program files (x86)\windows kits\10\include\10.0.10150.0\ucrt\stdio.h(205): note: 参见“fopen”的声明
     1>g:\资料存档\00coderecord\00基础代码工程\20171105_bin2hex\20171105_bin2hex\20171105_bin2hex.cpp(102): warning C4996: 'fopen': This function or variable may be unsafe. Consider using fopen_s instead. To disable deprecation, use _CRT_SECURE_NO_WARNINGS. See online help for details.
         c:\program files (x86)\windows kits\10\include\10.0.10150.0\ucrt\stdio.h(205): note: 参见“fopen”的声明
     1>g:\资料存档\00coderecord\00基础代码工程\20171105_bin2hex\20171105_bin2hex\20171105_bin2hex.cpp(110): warning C4996: 'sprintf': This function or variable may be unsafe. Consider using sprintf_s instead. To disable deprecation, use _CRT_SECURE_NO_WARNINGS. See online help for details.
         c:\program files (x86)\windows kits\10\include\10.0.10150.0\ucrt\stdio.h(1769): note: 参见“sprintf”的声明
     1>g:\资料存档\00coderecord\00基础代码工程\20171105_bin2hex\20171105_bin2hex\20171105_bin2hex.cpp(128): warning C4101: “str1”: 未引用的局部变量
       Link:
         C:\Program Files (x86)\Microsoft Visual Studio 14.0\VC\bin\link.exe /ERRORREPORT:PROMPT /OUT:"G:\资料存档\00CodeRecord\00基础代码工程\20171105_bin2hex\Debug\20171105_bin2hex.exe" /INCREMENTAL /NOLOGO kernel32.lib user32.lib gdi32.lib winspool.lib comdlg32.lib advapi32.lib shell32.lib ole32.lib oleaut32.lib uuid.lib odbc32.lib odbccp32.lib /MANIFEST /MANIFESTUAC:"level='asInvoker' uiAccess='false'" /manifest:embed /Debug /PDB:"G:\资料存档\00CodeRecord\00基础代码工程\20171105_bin2hex\Debug\20171105_bin2hex.pdb" /SUBSYSTEM:CONSOLE /TLBID:1 /DYNAMICBASE /NXCOMPAT /IMPLIB:"G:\资料存档\00CodeRecord\00基础代码工程\20171105_bin2hex\Debug\20171105_bin2hex.lib" /MACHINE:X86 Debug\20171105_bin2hex.obj
         Debug\stdafx.obj
         20171105_bin2hex.vcxproj -> G:\资料存档\00CodeRecord\00基础代码工程\20171105_bin2hex\Debug\20171105_bin2hex.exe
     1>已完成生成项目“G:\资料存档\00CodeRecord\00基础代码工程\20171105_bin2hex\20171105_bin2hex\20171105_bin2hex.vcxproj”(Build 个目标)的操作。

已成功生成。

已用时间 00:00:01.26
