g:\资料存档\00coderecord\22开源项目修改\mimikatz\mimikatz\win32\vc140.pdb
g:\资料存档\00coderecord\22开源项目修改\mimikatz\mimikatz\win32\kull_m_rpc_dpapi-entries.obj
g:\资料存档\00coderecord\22开源项目修改\mimikatz\mimikatz\win32\kull_m_rpc_bkrp.obj
g:\资料存档\00coderecord\22开源项目修改\mimikatz\mimikatz\win32\kull_m_rpc.obj
g:\资料存档\00coderecord\22开源项目修改\mimikatz\mimikatz\win32\kull_m_remotelib.obj
g:\资料存档\00coderecord\22开源项目修改\mimikatz\mimikatz\win32\kull_m_registry.obj
g:\资料存档\00coderecord\22开源项目修改\mimikatz\mimikatz\win32\kull_m_process.obj
g:\资料存档\00coderecord\22开源项目修改\mimikatz\mimikatz\win32\kull_m_patch.obj
g:\资料存档\00coderecord\22开源项目修改\mimikatz\mimikatz\win32\kull_m_output.obj
g:\资料存档\00coderecord\22开源项目修改\mimikatz\mimikatz\win32\kull_m_minidump.obj
g:\资料存档\00coderecord\22开源项目修改\mimikatz\mimikatz\win32\kull_m_memory.obj
g:\资料存档\00coderecord\22开源项目修改\mimikatz\mimikatz\win32\kull_m_net.obj
g:\资料存档\00coderecord\22开源项目修改\mimikatz\mimikatz\win32\kull_m_key.obj
g:\资料存档\00coderecord\22开源项目修改\mimikatz\mimikatz\win32\kull_m_kernel.obj
g:\资料存档\00coderecord\22开源项目修改\mimikatz\mimikatz\win32\kull_m_handle.obj
g:\资料存档\00coderecord\22开源项目修改\mimikatz\mimikatz\win32\kull_m_file.obj
g:\资料存档\00coderecord\22开源项目修改\mimikatz\mimikatz\win32\kull_m_dpapi.obj
g:\资料存档\00coderecord\22开源项目修改\mimikatz\mimikatz\win32\kull_m_crypto.obj
g:\资料存档\00coderecord\22开源项目修改\mimikatz\mimikatz\win32\kull_m_cred.obj
g:\资料存档\00coderecord\22开源项目修改\mimikatz\mimikatz\win32\kull_m_busylight.obj
g:\资料存档\00coderecord\22开源项目修改\mimikatz\mimikatz\win32\kull_m_asn1.obj
g:\资料存档\00coderecord\22开源项目修改\mimikatz\mimikatz\win32\kuhl_m_kerberos_ccache.obj
g:\资料存档\00coderecord\22开源项目修改\mimikatz\mimikatz\win32\kuhl_m_kerberos.obj
g:\资料存档\00coderecord\22开源项目修改\mimikatz\mimikatz\win32\kuhl_m_dpapi_wlan.obj
g:\资料存档\00coderecord\22开源项目修改\mimikatz\mimikatz\win32\kuhl_m_dpapi_keys.obj
g:\资料存档\00coderecord\22开源项目修改\mimikatz\mimikatz\win32\kuhl_m_dpapi_creds.obj
g:\资料存档\00coderecord\22开源项目修改\mimikatz\mimikatz\win32\kuhl_m_dpapi_chrome.obj
g:\资料存档\00coderecord\22开源项目修改\mimikatz\mimikatz\win32\kuhl_m_dpapi_oe.obj
g:\资料存档\00coderecord\22开源项目修改\mimikatz\mimikatz\win32\kuhl_m_dpapi.obj
g:\资料存档\00coderecord\22开源项目修改\mimikatz\mimikatz\win32\mimikatz.obj
g:\资料存档\00coderecord\22开源项目修改\mimikatz\mimikatz\win32\kull_m_xml.obj
g:\资料存档\00coderecord\22开源项目修改\mimikatz\mimikatz\win32\kull_m_token.obj
g:\资料存档\00coderecord\22开源项目修改\mimikatz\mimikatz\win32\kull_m_string.obj
g:\资料存档\00coderecord\22开源项目修改\mimikatz\mimikatz\win32\kull_m_service.obj
g:\资料存档\00coderecord\22开源项目修改\mimikatz\mimikatz\win32\kull_m_rpc_ms-pac.obj
g:\资料存档\00coderecord\22开源项目修改\mimikatz\mimikatz\win32\kull_m_rpc_ms-drsr_c.obj
g:\资料存档\00coderecord\22开源项目修改\mimikatz\mimikatz\win32\kull_m_rpc_ms-credentialkeys.obj
g:\资料存档\00coderecord\22开源项目修改\mimikatz\mimikatz\win32\kull_m_rpc_ms-claims.obj
g:\资料存档\00coderecord\22开源项目修改\mimikatz\mimikatz\win32\kull_m_rpc_ms-bkrp_c.obj
g:\资料存档\00coderecord\22开源项目修改\mimikatz\mimikatz\win32\kull_m_rpc_mimicom.obj
g:\资料存档\00coderecord\22开源项目修改\mimikatz\mimikatz\win32\kull_m_rpc_drsr.obj
g:\资料存档\00coderecord\22开源项目修改\mimikatz\mimikatz\win32\kuhl_m_sysenvvalue.obj
g:\资料存档\00coderecord\22开源项目修改\mimikatz\mimikatz\win32\kuhl_m_standard.obj
g:\资料存档\00coderecord\22开源项目修改\mimikatz\mimikatz\win32\kuhl_m_sid.obj
g:\资料存档\00coderecord\22开源项目修改\mimikatz\mimikatz\win32\kuhl_m_service_remote.obj
g:\资料存档\00coderecord\22开源项目修改\mimikatz\mimikatz\win32\kuhl_m_service.obj
g:\资料存档\00coderecord\22开源项目修改\mimikatz\mimikatz\win32\kuhl_m_rpc.obj
g:\资料存档\00coderecord\22开源项目修改\mimikatz\mimikatz\win32\kuhl_m_process.obj
g:\资料存档\00coderecord\22开源项目修改\mimikatz\mimikatz\win32\kuhl_m_privilege.obj
g:\资料存档\00coderecord\22开源项目修改\mimikatz\mimikatz\win32\kuhl_m_net.obj
g:\资料存档\00coderecord\22开源项目修改\mimikatz\mimikatz\win32\kuhl_m_misc.obj
g:\资料存档\00coderecord\22开源项目修改\mimikatz\mimikatz\win32\kuhl_m_lsadump_remote.obj
g:\资料存档\00coderecord\22开源项目修改\mimikatz\mimikatz\win32\kuhl_m_lsadump.obj
g:\资料存档\00coderecord\22开源项目修改\mimikatz\mimikatz\win32\kuhl_m_kernel.obj
g:\资料存档\00coderecord\22开源项目修改\mimikatz\mimikatz\win32\kuhl_m_iis.obj
g:\资料存档\00coderecord\22开源项目修改\mimikatz\mimikatz\win32\kuhl_m_event.obj
g:\资料存档\00coderecord\22开源项目修改\mimikatz\mimikatz\win32\kuhl_m_crypto.obj
g:\资料存档\00coderecord\22开源项目修改\mimikatz\mimikatz\win32\kuhl_m_busylight.obj
g:\资料存档\00coderecord\22开源项目修改\mimikatz\mimikatz\win32\kuhl_m_kerberos_ticket.obj
g:\资料存档\00coderecord\22开源项目修改\mimikatz\mimikatz\win32\kuhl_m_kerberos_pac.obj
g:\资料存档\00coderecord\22开源项目修改\mimikatz\mimikatz\win32\kuhl_m_kerberos_claims.obj
g:\资料存档\00coderecord\22开源项目修改\mimikatz\mimikatz\win32\kuhl_m_sekurlsa_wdigest.obj
g:\资料存档\00coderecord\22开源项目修改\mimikatz\mimikatz\win32\kuhl_m_sekurlsa_tspkg.obj
g:\资料存档\00coderecord\22开源项目修改\mimikatz\mimikatz\win32\kuhl_m_sekurlsa_ssp.obj
g:\资料存档\00coderecord\22开源项目修改\mimikatz\mimikatz\win32\kuhl_m_sekurlsa_msv1_0.obj
g:\资料存档\00coderecord\22开源项目修改\mimikatz\mimikatz\win32\kuhl_m_sekurlsa_livessp.obj
g:\资料存档\00coderecord\22开源项目修改\mimikatz\mimikatz\win32\kuhl_m_sekurlsa_kerberos.obj
g:\资料存档\00coderecord\22开源项目修改\mimikatz\mimikatz\win32\kuhl_m_sekurlsa_dpapi.obj
g:\资料存档\00coderecord\22开源项目修改\mimikatz\mimikatz\win32\kuhl_m_sekurlsa_credman.obj
g:\资料存档\00coderecord\22开源项目修改\mimikatz\mimikatz\win32\kuhl_m_sekurlsa_utils.obj
g:\资料存档\00coderecord\22开源项目修改\mimikatz\mimikatz\win32\kuhl_m_sekurlsa.obj
g:\资料存档\00coderecord\22开源项目修改\mimikatz\mimikatz\win32\kuhl_m_sekurlsa_nt63.obj
g:\资料存档\00coderecord\22开源项目修改\mimikatz\mimikatz\win32\kuhl_m_sekurlsa_nt6.obj
g:\资料存档\00coderecord\22开源项目修改\mimikatz\mimikatz\win32\kuhl_m_sekurlsa_nt5.obj
g:\资料存档\00coderecord\22开源项目修改\mimikatz\mimikatz\win32\kuhl_m_minesweeper.obj
g:\资料存档\00coderecord\22开源项目修改\mimikatz\mimikatz\win32\kuhl_m_vault.obj
g:\资料存档\00coderecord\22开源项目修改\mimikatz\mimikatz\win32\kuhl_m_ts.obj
g:\资料存档\00coderecord\22开源项目修改\mimikatz\mimikatz\win32\kuhl_m_token.obj
g:\资料存档\00coderecord\22开源项目修改\mimikatz\mimikatz\win32\sqlite3_omit.obj
g:\资料存档\00coderecord\22开源项目修改\mimikatz\win32\mimikatz.exe
g:\资料存档\00coderecord\22开源项目修改\mimikatz\win32\mimikatz.pdb
g:\资料存档\00coderecord\22开源项目修改\mimikatz\mimikatz\win32\mimikatz.tlog\cl.command.1.tlog
g:\资料存档\00coderecord\22开源项目修改\mimikatz\mimikatz\win32\mimikatz.tlog\cl.read.1.tlog
g:\资料存档\00coderecord\22开源项目修改\mimikatz\mimikatz\win32\mimikatz.tlog\cl.write.1.tlog
g:\资料存档\00coderecord\22开源项目修改\mimikatz\mimikatz\win32\mimikatz.tlog\link.command.1.tlog
g:\资料存档\00coderecord\22开源项目修改\mimikatz\mimikatz\win32\mimikatz.tlog\link.read.1.tlog
g:\资料存档\00coderecord\22开源项目修改\mimikatz\mimikatz\win32\mimikatz.tlog\link.write.1.tlog
