生成启动时间为 2018/05/15 10:40:37。
     1>项目“G:\资料存档\00CodeRecord\22开源项目修改\mimikatz\mimikatz\mimikatz.vcxproj”在节点 2 上(Rebuild 个目标)。
     1>ClCompile:
         C:\Program Files (x86)\Microsoft Visual Studio 14.0\VC\bin\CL.exe /c /Zi /nologo /W3 /WX- /Od /Os /Oy /GL /D WIN32 /D NDEBUG /D _CONSOLE /D _UNICODE /D UNICODE /GF /Gm- /MT /GS- /Gy /fp:fast /fp:except- /Zc:wchar_t /Zc:forScope /Zc:inline /Fo"Win32\\" /Fd"Win32\vc140.pdb" /Gd /TC /analyze- /errorReport:none ..\modules\kull_m_asn1.c ..\modules\kull_m_busylight.c ..\modules\kull_m_cred.c ..\modules\kull_m_crypto.c ..\modules\kull_m_dpapi.c ..\modules\kull_m_file.c ..\modules\kull_m_handle.c ..\modules\kull_m_kernel.c ..\modules\kull_m_key.c ..\modules\kull_m_net.c ..\modules\kull_m_memory.c ..\modules\kull_m_minidump.c ..\modules\kull_m_output.c ..\modules\kull_m_patch.c ..\modules\kull_m_process.c ..\modules\kull_m_registry.c ..\modules\kull_m_remotelib.c ..\modules\rpc\kull_m_rpc.c ..\modules\rpc\kull_m_rpc_bkrp.c "..\modules\rpc\kull_m_rpc_dpapi-entries.c" ..\modules\rpc\kull_m_rpc_drsr.c ..\modules\rpc\kull_m_rpc_mimicom.c "..\modules\rpc\kull_m_rpc_ms-bkrp_c.c" "..\modules\rpc\kull_m_rpc_ms-claims.c" "..\modules\rpc\kull_m_rpc_ms-credentialkeys.c" "..\modules\rpc\kull_m_rpc_ms-drsr_c.c" "..\modules\rpc\kull_m_rpc_ms-pac.c" ..\modules\kull_m_service.c ..\modules\kull_m_string.c ..\modules\kull_m_token.c ..\modules\kull_m_xml.c mimikatz.c modules\dpapi\kuhl_m_dpapi.c modules\dpapi\kuhl_m_dpapi_oe.c modules\dpapi\packages\kuhl_m_dpapi_chrome.c modules\dpapi\packages\kuhl_m_dpapi_creds.c modules\dpapi\packages\kuhl_m_dpapi_keys.c modules\dpapi\packages\kuhl_m_dpapi_wlan.c modules\kerberos\kuhl_m_kerberos.c modules\kerberos\kuhl_m_kerberos_ccache.c modules\kerberos\kuhl_m_kerberos_claims.c modules\kerberos\kuhl_m_kerberos_pac.c modules\kerberos\kuhl_m_kerberos_ticket.c modules\kuhl_m_busylight.c modules\kuhl_m_crypto.c modules\kuhl_m_event.c modules\kuhl_m_iis.c modules\kuhl_m_kernel.c modules\kuhl_m_lsadump.c modules\kuhl_m_lsadump_remote.c modules\kuhl_m_misc.c modules\kuhl_m_net.c modules\kuhl_m_privilege.c modules\kuhl_m_process.c modules\kuhl_m_rpc.c modules\kuhl_m_service.c modules\kuhl_m_service_remote.c modules\kuhl_m_sid.c modules\kuhl_m_standard.c modules\kuhl_m_sysenvvalue.c modules\kuhl_m_token.c modules\kuhl_m_ts.c modules\kuhl_m_vault.c modules\kuhl_m_minesweeper.c modules\sekurlsa\crypto\kuhl_m_sekurlsa_nt5.c modules\sekurlsa\crypto\kuhl_m_sekurlsa_nt6.c modules\sekurlsa\crypto\kuhl_m_sekurlsa_nt63.c modules\sekurlsa\kuhl_m_sekurlsa.c modules\sekurlsa\kuhl_m_sekurlsa_utils.c modules\sekurlsa\packages\kuhl_m_sekurlsa_credman.c modules\sekurlsa\packages\kuhl_m_sekurlsa_dpapi.c modules\sekurlsa\packages\kuhl_m_sekurlsa_kerberos.c modules\sekurlsa\packages\kuhl_m_sekurlsa_livessp.c modules\sekurlsa\packages\kuhl_m_sekurlsa_msv1_0.c modules\sekurlsa\packages\kuhl_m_sekurlsa_ssp.c modules\sekurlsa\packages\kuhl_m_sekurlsa_tspkg.c modules\sekurlsa\packages\kuhl_m_sekurlsa_wdigest.c
         kull_m_asn1.c
         kull_m_busylight.c
         kull_m_cred.c
         kull_m_crypto.c
         kull_m_dpapi.c
         kull_m_file.c
         kull_m_handle.c
         kull_m_kernel.c
         kull_m_key.c
         kull_m_net.c
         kull_m_memory.c
         kull_m_minidump.c
         kull_m_output.c
         kull_m_patch.c
         kull_m_process.c
         kull_m_registry.c
         kull_m_remotelib.c
         kull_m_rpc.c
         kull_m_rpc_bkrp.c
         kull_m_rpc_dpapi-entries.c
         正在编译...
         kull_m_rpc_drsr.c
         kull_m_rpc_mimicom.c
         kull_m_rpc_ms-bkrp_c.c
         kull_m_rpc_ms-claims.c
         kull_m_rpc_ms-credentialkeys.c
         kull_m_rpc_ms-drsr_c.c
         kull_m_rpc_ms-pac.c
         kull_m_service.c
         kull_m_string.c
         kull_m_token.c
         kull_m_xml.c
         mimikatz.c
     1>C:\Program Files (x86)\Windows Kits\8.1\Include\um\LMaccess.h(558): warning C4005: “UF_SETTABLE_BITS”: 宏重定义
         g:\资料存档\00coderecord\22开源项目修改\mimikatz\modules\rpc\../kull_m_samlib.h(300): note: 参见“UF_SETTABLE_BITS”的前一个定义
         kuhl_m_dpapi.c
         kuhl_m_dpapi_oe.c
         kuhl_m_dpapi_chrome.c
         kuhl_m_dpapi_creds.c
         kuhl_m_dpapi_keys.c
         kuhl_m_dpapi_wlan.c
         kuhl_m_kerberos.c
         kuhl_m_kerberos_ccache.c
         正在编译...
         kuhl_m_kerberos_claims.c
         kuhl_m_kerberos_pac.c
         kuhl_m_kerberos_ticket.c
         kuhl_m_busylight.c
         kuhl_m_crypto.c
         kuhl_m_event.c
         kuhl_m_iis.c
         kuhl_m_kernel.c
         kuhl_m_lsadump.c
         kuhl_m_lsadump_remote.c
         kuhl_m_misc.c
         kuhl_m_net.c
         kuhl_m_privilege.c
         kuhl_m_process.c
         kuhl_m_rpc.c
         kuhl_m_service.c
         kuhl_m_service_remote.c
         kuhl_m_sid.c
         kuhl_m_standard.c
         kuhl_m_sysenvvalue.c
         正在编译...
         kuhl_m_token.c
         kuhl_m_ts.c
         kuhl_m_vault.c
         kuhl_m_minesweeper.c
         kuhl_m_sekurlsa_nt5.c
         kuhl_m_sekurlsa_nt6.c
         kuhl_m_sekurlsa_nt63.c
         kuhl_m_sekurlsa.c
         kuhl_m_sekurlsa_utils.c
         kuhl_m_sekurlsa_credman.c
         kuhl_m_sekurlsa_dpapi.c
         kuhl_m_sekurlsa_kerberos.c
         kuhl_m_sekurlsa_livessp.c
         kuhl_m_sekurlsa_msv1_0.c
         kuhl_m_sekurlsa_ssp.c
         kuhl_m_sekurlsa_tspkg.c
         kuhl_m_sekurlsa_wdigest.c
         C:\Program Files (x86)\Microsoft Visual Studio 14.0\VC\bin\CL.exe /c /Zi /nologo /W2 /WX- /Od /Os /Oy /GL /D SQLITE_TEMP_STORE=3 /D SQLITE_DISABLE_INTRINSIC /D SQLITE_DISABLE_LFS /D SQLITE_DISABLE_DIRSYNC /D SQLITE_DISABLE_FTS3_UNICODE /D SQLITE_DISABLE_FTS4_DEFERRED /D SQLITE_DISABLE_PAGECACHE_OVERFLOW_STATS /D SQLITE_OMIT_TRIGGER /D SQLITE_OMIT_WAL /D SQLITE_OMIT_FLOATING_POINT /D SQLITE_OMIT_VIRTUALTABLE /D SQLITE_OMIT_PRAGMA /D SQLITE_OMIT_FOREIGN_KEY /D SQLITE_OMIT_AUTOVACUUM /D SQLITE_OMIT_SUBQUERY /D SQLITE_OMIT_COMPOUND_SELECT /D SQLITE_OMIT_EXPLAIN /D SQLITE_OMIT_DATETIME_FUNCS /D SQLITE_OMIT_INTEGRITY_CHECK /D SQLITE_OMIT_ATTACH /D SQLITE_OMIT_ALTERTABLE /D SQLITE_OMIT_UTF16 /D SQLITE_OMIT_SHARED_CACHE /D SQLITE_OMIT_INCRBLOB /D SQLITE_OMIT_ANALYZE /D SQLITE_OMIT_AUTHORIZATION /D SQLITE_OMIT_VACUUM /D SQLITE_OMIT_PAGER_PRAGMAS /D SQLITE_OMIT_OR_OPTIMIZATION /D SQLITE_OMIT_VIEW /D SQLITE_OMIT_BUILTIN_TEST /D SQLITE_OMIT_XFER_OPT /D SQLITE_OMIT_AUTOINCREMENT /D SQLITE_OMIT_SCHEMA_PRAGMAS /D SQLITE_OMIT_TRACE /D SQLITE_OMIT_LOAD_EXTENSION /D SQLITE_OMIT_AUTOMATIC_INDEX /D SQLITE_OMIT_LIKE_OPTIMIZATION /D SQLITE_OMIT_REINDEX /D SQLITE_OMIT_GET_TABLE /D SQLITE_OMIT_COMPLETE /D SQLITE_OMIT_TEMPDB /D SQLITE_OMIT_BTREECOUNT /D SQLITE_OMIT_LOCALTIME /D SQLITE_OMIT_COMPILEOPTION_DIAGS /D SQLITE_OMIT_FLAG_PRAGMAS /D SQLITE_OMIT_QUICKBALANCE /D SQLITE_OMIT_CAST /D SQLITE_OMIT_CHECK /D SQLITE_OMIT_MEMORYDB /D SQLITE_OMIT_BLOB_LITERAL /D SQLITE_OMIT_SCHEMA_VERSION_PRAGMAS /D SQLITE_OMIT_LOOKASIDE /D SQLITE_OMIT_AUTOINIT /D SQLITE_OMIT_DECLTYPE /D SQLITE_OMIT_DEPRECATED /D SQLITE_OMIT_BETWEEN_OPTIMIZATION /D SQLITE_OMIT_PROGRESS_CALLBACK /D SQLITE_OMIT_TRUNCATE_OPTIMIZATION /D SQLITE_OMIT_TCL_VARIABLE /D WIN32 /D NDEBUG /D _CONSOLE /D _UNICODE /D UNICODE /GF /Gm- /MT /GS- /Gy /fp:fast /fp:except- /Zc:wchar_t /Zc:forScope /Zc:inline /Fo"Win32\\" /Fd"Win32\vc140.pdb" /Gd /TC /analyze- /errorReport:none ..\modules\sqlite3_omit.c
         sqlite3_omit.c
       Link:
         C:\Program Files (x86)\Microsoft Visual Studio 14.0\VC\bin\link.exe /ERRORREPORT:NONE /OUT:"G:\资料存档\00CodeRecord\22开源项目修改\mimikatz\Win32\mimikatz.exe" /INCREMENTAL:NO /NOLOGO /WX advapi32.lib crypt32.lib cryptdll.lib dnsapi.lib msxml2.lib netapi32.lib ntdsapi.lib ole32.lib oleaut32.lib rpcrt4.lib shlwapi.lib samlib.lib secur32.lib shell32.lib user32.lib userenv.lib version.lib hid.lib setupapi.lib winscard.lib winsta.lib wldap32.lib wtsapi32.lib advapi32.hash.lib msasn1.min.lib ntdll.min.lib netapi32.min.lib /MANIFEST /MANIFESTUAC:"level='requireAdministrator' uiAccess='false'" /manifest:embed /manifestinput:"C:\Program Files (x86)\Microsoft Visual Studio 14.0\VC\Include\Manifest\dpiaware.manifest" /DEBUG /PDB:"G:\资料存档\00CodeRecord\22开源项目修改\mimikatz\Win32\mimikatz.pdb" /ASSEMBLYDEBUG:DISABLE /SUBSYSTEM:CONSOLE /OPT:REF /OPT:ICF /LTCG /TLBID:1 /DYNAMICBASE /NXCOMPAT /IMPLIB:"G:\资料存档\00CodeRecord\22开源项目修改\mimikatz\Win32\mimikatz.lib" /MACHINE:X86 /SAFESEH:NO Win32\kull_m_asn1.obj
         Win32\kull_m_busylight.obj
         Win32\kull_m_cred.obj
         Win32\kull_m_crypto.obj
         Win32\kull_m_dpapi.obj
         Win32\kull_m_file.obj
         Win32\kull_m_handle.obj
         Win32\kull_m_kernel.obj
         Win32\kull_m_key.obj
         Win32\kull_m_net.obj
         Win32\kull_m_memory.obj
         Win32\kull_m_minidump.obj
         Win32\kull_m_output.obj
         Win32\kull_m_patch.obj
         Win32\kull_m_process.obj
         Win32\kull_m_registry.obj
         Win32\kull_m_remotelib.obj
         Win32\kull_m_rpc.obj
         Win32\kull_m_rpc_bkrp.obj
         "Win32\kull_m_rpc_dpapi-entries.obj"
         Win32\kull_m_rpc_drsr.obj
         Win32\kull_m_rpc_mimicom.obj
         "Win32\kull_m_rpc_ms-bkrp_c.obj"
         "Win32\kull_m_rpc_ms-claims.obj"
         "Win32\kull_m_rpc_ms-credentialkeys.obj"
         "Win32\kull_m_rpc_ms-drsr_c.obj"
         "Win32\kull_m_rpc_ms-pac.obj"
         Win32\kull_m_service.obj
         Win32\kull_m_string.obj
         Win32\kull_m_token.obj
         Win32\kull_m_xml.obj
         Win32\sqlite3_omit.obj
         Win32\mimikatz.obj
         Win32\kuhl_m_dpapi.obj
         Win32\kuhl_m_dpapi_oe.obj
         Win32\kuhl_m_dpapi_chrome.obj
         Win32\kuhl_m_dpapi_creds.obj
         Win32\kuhl_m_dpapi_keys.obj
         Win32\kuhl_m_dpapi_wlan.obj
         Win32\kuhl_m_kerberos.obj
         Win32\kuhl_m_kerberos_ccache.obj
         Win32\kuhl_m_kerberos_claims.obj
         Win32\kuhl_m_kerberos_pac.obj
         Win32\kuhl_m_kerberos_ticket.obj
         Win32\kuhl_m_busylight.obj
         Win32\kuhl_m_crypto.obj
         Win32\kuhl_m_event.obj
         Win32\kuhl_m_iis.obj
         Win32\kuhl_m_kernel.obj
         Win32\kuhl_m_lsadump.obj
         Win32\kuhl_m_lsadump_remote.obj
         Win32\kuhl_m_misc.obj
         Win32\kuhl_m_net.obj
         Win32\kuhl_m_privilege.obj
         Win32\kuhl_m_process.obj
         Win32\kuhl_m_rpc.obj
         Win32\kuhl_m_service.obj
         Win32\kuhl_m_service_remote.obj
         Win32\kuhl_m_sid.obj
         Win32\kuhl_m_standard.obj
         Win32\kuhl_m_sysenvvalue.obj
         Win32\kuhl_m_token.obj
         Win32\kuhl_m_ts.obj
         Win32\kuhl_m_vault.obj
         Win32\kuhl_m_minesweeper.obj
         Win32\kuhl_m_sekurlsa_nt5.obj
         Win32\kuhl_m_sekurlsa_nt6.obj
         Win32\kuhl_m_sekurlsa_nt63.obj
         Win32\kuhl_m_sekurlsa.obj
         Win32\kuhl_m_sekurlsa_utils.obj
         Win32\kuhl_m_sekurlsa_credman.obj
         Win32\kuhl_m_sekurlsa_dpapi.obj
         Win32\kuhl_m_sekurlsa_kerberos.obj
         Win32\kuhl_m_sekurlsa_livessp.obj
         Win32\kuhl_m_sekurlsa_msv1_0.obj
         Win32\kuhl_m_sekurlsa_ssp.obj
         Win32\kuhl_m_sekurlsa_tspkg.obj
         Win32\kuhl_m_sekurlsa_wdigest.obj
         正在生成代码
         已完成代码的生成
         mimikatz.vcxproj -> G:\资料存档\00CodeRecord\22开源项目修改\mimikatz\Win32\mimikatz.exe
     1>已完成生成项目“G:\资料存档\00CodeRecord\22开源项目修改\mimikatz\mimikatz\mimikatz.vcxproj”(Rebuild 个目标)的操作。

已成功生成。

已用时间 00:01:28.03
